ARM GAS  C:\Users\gerwi\AppData\Local\Temp\ccaFXlyk.s 			page 1


   1              		.syntax unified
   2              		.cpu cortex-m3
   3              		.fpu softvfp
   4              		.eabi_attribute 20, 1
   5              		.eabi_attribute 21, 1
   6              		.eabi_attribute 23, 3
   7              		.eabi_attribute 24, 1
   8              		.eabi_attribute 25, 1
   9              		.eabi_attribute 26, 1
  10              		.eabi_attribute 30, 6
  11              		.eabi_attribute 34, 1
  12              		.eabi_attribute 18, 4
  13              		.thumb
  14              		.syntax unified
  15              		.file	"cymetadata.c"
  16              		.text
  17              	.Ltext0:
  18              		.cfi_sections	.debug_frame
  19              		.global	cy_meta_configecc
  20              		.section	.cyconfigecc,"a",%progbits
  21              		.align	2
  22              		.type	cy_meta_configecc, %object
  23              		.size	cy_meta_configecc, 1148
  24              	cy_meta_configecc:
  25 0000 01       		.byte	1
  26 0001 45       		.byte	69
  27 0002 00       		.byte	0
  28 0003 40       		.byte	64
  29 0004 02       		.byte	2
  30 0005 4F       		.byte	79
  31 0006 00       		.byte	0
  32 0007 40       		.byte	64
  33 0008 03       		.byte	3
  34 0009 52       		.byte	82
  35 000a 00       		.byte	0
  36 000b 40       		.byte	64
  37 000c 01       		.byte	1
  38 000d 64       		.byte	100
  39 000e 00       		.byte	0
  40 000f 40       		.byte	64
  41 0010 03       		.byte	3
  42 0011 65       		.byte	101
  43 0012 00       		.byte	0
  44 0013 40       		.byte	64
  45 0014 01       		.byte	1
  46 0015 05       		.byte	5
  47 0016 01       		.byte	1
  48 0017 40       		.byte	64
  49 0018 01       		.byte	1
  50 0019 07       		.byte	7
  51 001a 01       		.byte	1
  52 001b 40       		.byte	64
  53 001c 04       		.byte	4
  54 001d 08       		.byte	8
  55 001e 01       		.byte	1
  56 001f 40       		.byte	64
  57 0020 02       		.byte	2
ARM GAS  C:\Users\gerwi\AppData\Local\Temp\ccaFXlyk.s 			page 2


  58 0021 09       		.byte	9
  59 0022 01       		.byte	1
  60 0023 40       		.byte	64
  61 0024 3C       		.byte	60
  62 0025 0A       		.byte	10
  63 0026 01       		.byte	1
  64 0027 40       		.byte	64
  65 0028 1A       		.byte	26
  66 0029 0B       		.byte	11
  67 002a 01       		.byte	1
  68 002b 40       		.byte	64
  69 002c 01       		.byte	1
  70 002d 15       		.byte	21
  71 002e 01       		.byte	1
  72 002f 40       		.byte	64
  73 0030 02       		.byte	2
  74 0031 17       		.byte	23
  75 0032 01       		.byte	1
  76 0033 40       		.byte	64
  77 0034 69       		.byte	105
  78 0035 18       		.byte	24
  79 0036 01       		.byte	1
  80 0037 40       		.byte	64
  81 0038 3A       		.byte	58
  82 0039 19       		.byte	25
  83 003a 01       		.byte	1
  84 003b 40       		.byte	64
  85 003c 14       		.byte	20
  86 003d 1A       		.byte	26
  87 003e 01       		.byte	1
  88 003f 40       		.byte	64
  89 0040 47       		.byte	71
  90 0041 1B       		.byte	27
  91 0042 01       		.byte	1
  92 0043 40       		.byte	64
  93 0044 0A       		.byte	10
  94 0045 40       		.byte	64
  95 0046 01       		.byte	1
  96 0047 40       		.byte	64
  97 0048 09       		.byte	9
  98 0049 41       		.byte	65
  99 004a 01       		.byte	1
 100 004b 40       		.byte	64
 101 004c 09       		.byte	9
 102 004d 42       		.byte	66
 103 004e 01       		.byte	1
 104 004f 40       		.byte	64
 105 0050 08       		.byte	8
 106 0051 43       		.byte	67
 107 0052 01       		.byte	1
 108 0053 40       		.byte	64
 109 0054 05       		.byte	5
 110 0055 46       		.byte	70
 111 0056 01       		.byte	1
 112 0057 40       		.byte	64
 113 0058 03       		.byte	3
 114 0059 47       		.byte	71
ARM GAS  C:\Users\gerwi\AppData\Local\Temp\ccaFXlyk.s 			page 3


 115 005a 01       		.byte	1
 116 005b 40       		.byte	64
 117 005c 07       		.byte	7
 118 005d 48       		.byte	72
 119 005e 01       		.byte	1
 120 005f 40       		.byte	64
 121 0060 03       		.byte	3
 122 0061 49       		.byte	73
 123 0062 01       		.byte	1
 124 0063 40       		.byte	64
 125 0064 01       		.byte	1
 126 0065 4C       		.byte	76
 127 0066 01       		.byte	1
 128 0067 40       		.byte	64
 129 0068 07       		.byte	7
 130 0069 4D       		.byte	77
 131 006a 01       		.byte	1
 132 006b 40       		.byte	64
 133 006c 04       		.byte	4
 134 006d 50       		.byte	80
 135 006e 01       		.byte	1
 136 006f 40       		.byte	64
 137 0070 03       		.byte	3
 138 0071 51       		.byte	81
 139 0072 01       		.byte	1
 140 0073 40       		.byte	64
 141 0074 7E       		.byte	126
 142 0075 02       		.byte	2
 143 0076 01       		.byte	1
 144 0077 80       		.byte	-128
 145 0078 0A       		.byte	10
 146 0079 1B       		.byte	27
 147 007a 61       		.byte	97
 148 007b 80       		.byte	-128
 149 007c 64       		.byte	100
 150 007d 40       		.byte	64
 151 007e 7C       		.byte	124
 152 007f 40       		.byte	64
 153 0080 8B       		.byte	-117
 154 0081 0D       		.byte	13
 155 0082 88       		.byte	-120
 156 0083 0F       		.byte	15
 157 0084 8A       		.byte	-118
 158 0085 38       		.byte	56
 159 0086 8B       		.byte	-117
 160 0087 72       		.byte	114
 161 0088 E2       		.byte	-30
 162 0089 40       		.byte	64
 163 008a EE       		.byte	-18
 164 008b 04       		.byte	4
 165 008c 38       		.byte	56
 166 008d 80       		.byte	-128
 167 008e 3E       		.byte	62
 168 008f 40       		.byte	64
 169 0090 58       		.byte	88
 170 0091 04       		.byte	4
 171 0092 5F       		.byte	95
ARM GAS  C:\Users\gerwi\AppData\Local\Temp\ccaFXlyk.s 			page 4


 172 0093 01       		.byte	1
 173 0094 1F       		.byte	31
 174 0095 80       		.byte	-128
 175 0096 EE       		.byte	-18
 176 0097 04       		.byte	4
 177 0098 2E       		.byte	46
 178 0099 01       		.byte	1
 179 009a 34       		.byte	52
 180 009b 01       		.byte	1
 181 009c 36       		.byte	54
 182 009d 01       		.byte	1
 183 009e 40       		.byte	64
 184 009f 10       		.byte	16
 185 00a0 41       		.byte	65
 186 00a1 04       		.byte	4
 187 00a2 49       		.byte	73
 188 00a3 FF       		.byte	-1
 189 00a4 4A       		.byte	74
 190 00a5 FF       		.byte	-1
 191 00a6 4B       		.byte	75
 192 00a7 FF       		.byte	-1
 193 00a8 4D       		.byte	77
 194 00a9 A0       		.byte	-96
 195 00aa 4F       		.byte	79
 196 00ab 04       		.byte	4
 197 00ac 50       		.byte	80
 198 00ad 18       		.byte	24
 199 00ae 52       		.byte	82
 200 00af 80       		.byte	-128
 201 00b0 58       		.byte	88
 202 00b1 04       		.byte	4
 203 00b2 5A       		.byte	90
 204 00b3 04       		.byte	4
 205 00b4 5B       		.byte	91
 206 00b5 04       		.byte	4
 207 00b6 5F       		.byte	95
 208 00b7 01       		.byte	1
 209 00b8 60       		.byte	96
 210 00b9 40       		.byte	64
 211 00ba 62       		.byte	98
 212 00bb C0       		.byte	-64
 213 00bc 64       		.byte	100
 214 00bd 40       		.byte	64
 215 00be 65       		.byte	101
 216 00bf 40       		.byte	64
 217 00c0 66       		.byte	102
 218 00c1 C0       		.byte	-64
 219 00c2 68       		.byte	104
 220 00c3 C0       		.byte	-64
 221 00c4 6A       		.byte	106
 222 00c5 C0       		.byte	-64
 223 00c6 6C       		.byte	108
 224 00c7 C0       		.byte	-64
 225 00c8 6E       		.byte	110
 226 00c9 C0       		.byte	-64
 227 00ca 8F       		.byte	-113
 228 00cb 01       		.byte	1
ARM GAS  C:\Users\gerwi\AppData\Local\Temp\ccaFXlyk.s 			page 5


 229 00cc 94       		.byte	-108
 230 00cd 02       		.byte	2
 231 00ce 9A       		.byte	-102
 232 00cf 03       		.byte	3
 233 00d0 AF       		.byte	-81
 234 00d1 01       		.byte	1
 235 00d2 B0       		.byte	-80
 236 00d3 02       		.byte	2
 237 00d4 B2       		.byte	-78
 238 00d5 01       		.byte	1
 239 00d6 B5       		.byte	-75
 240 00d7 01       		.byte	1
 241 00d8 BF       		.byte	-65
 242 00d9 10       		.byte	16
 243 00da C0       		.byte	-64
 244 00db 60       		.byte	96
 245 00dc C1       		.byte	-63
 246 00dd 05       		.byte	5
 247 00de C5       		.byte	-59
 248 00df D1       		.byte	-47
 249 00e0 C6       		.byte	-58
 250 00e1 02       		.byte	2
 251 00e2 C8       		.byte	-56
 252 00e3 07       		.byte	7
 253 00e4 C9       		.byte	-55
 254 00e5 FF       		.byte	-1
 255 00e6 CA       		.byte	-54
 256 00e7 FF       		.byte	-1
 257 00e8 CB       		.byte	-53
 258 00e9 FF       		.byte	-1
 259 00ea CD       		.byte	-51
 260 00eb AF       		.byte	-81
 261 00ec CE       		.byte	-50
 262 00ed 0F       		.byte	15
 263 00ee CF       		.byte	-49
 264 00ef 04       		.byte	4
 265 00f0 D0       		.byte	-48
 266 00f1 18       		.byte	24
 267 00f2 D4       		.byte	-44
 268 00f3 05       		.byte	5
 269 00f4 D8       		.byte	-40
 270 00f5 04       		.byte	4
 271 00f6 D9       		.byte	-39
 272 00f7 04       		.byte	4
 273 00f8 DA       		.byte	-38
 274 00f9 04       		.byte	4
 275 00fa DB       		.byte	-37
 276 00fb 04       		.byte	4
 277 00fc DF       		.byte	-33
 278 00fd 01       		.byte	1
 279 00fe E0       		.byte	-32
 280 00ff 40       		.byte	64
 281 0100 E2       		.byte	-30
 282 0101 C0       		.byte	-64
 283 0102 E4       		.byte	-28
 284 0103 40       		.byte	64
 285 0104 E5       		.byte	-27
ARM GAS  C:\Users\gerwi\AppData\Local\Temp\ccaFXlyk.s 			page 6


 286 0105 40       		.byte	64
 287 0106 E6       		.byte	-26
 288 0107 C0       		.byte	-64
 289 0108 E8       		.byte	-24
 290 0109 C0       		.byte	-64
 291 010a EA       		.byte	-22
 292 010b C0       		.byte	-64
 293 010c EC       		.byte	-20
 294 010d C0       		.byte	-64
 295 010e EE       		.byte	-18
 296 010f C0       		.byte	-64
 297 0110 0E       		.byte	14
 298 0111 10       		.byte	16
 299 0112 0F       		.byte	15
 300 0113 08       		.byte	8
 301 0114 10       		.byte	16
 302 0115 02       		.byte	2
 303 0116 18       		.byte	24
 304 0117 01       		.byte	1
 305 0118 19       		.byte	25
 306 0119 80       		.byte	-128
 307 011a 1B       		.byte	27
 308 011b 10       		.byte	16
 309 011c 1E       		.byte	30
 310 011d 50       		.byte	80
 311 011e 27       		.byte	39
 312 011f 08       		.byte	8
 313 0120 2D       		.byte	45
 314 0121 80       		.byte	-128
 315 0122 3F       		.byte	63
 316 0123 80       		.byte	-128
 317 0124 40       		.byte	64
 318 0125 01       		.byte	1
 319 0126 42       		.byte	66
 320 0127 80       		.byte	-128
 321 0128 4F       		.byte	79
 322 0129 A9       		.byte	-87
 323 012a 56       		.byte	86
 324 012b 80       		.byte	-128
 325 012c 57       		.byte	87
 326 012d 40       		.byte	64
 327 012e 5E       		.byte	94
 328 012f 40       		.byte	64
 329 0130 5F       		.byte	95
 330 0131 09       		.byte	9
 331 0132 70       		.byte	112
 332 0133 02       		.byte	2
 333 0134 C2       		.byte	-62
 334 0135 60       		.byte	96
 335 0136 C4       		.byte	-60
 336 0137 01       		.byte	1
 337 0138 CA       		.byte	-54
 338 0139 10       		.byte	16
 339 013a CE       		.byte	-50
 340 013b 10       		.byte	16
 341 013c D0       		.byte	-48
 342 013d 09       		.byte	9
ARM GAS  C:\Users\gerwi\AppData\Local\Temp\ccaFXlyk.s 			page 7


 343 013e D2       		.byte	-46
 344 013f 30       		.byte	48
 345 0140 D6       		.byte	-42
 346 0141 D0       		.byte	-48
 347 0142 E2       		.byte	-30
 348 0143 40       		.byte	64
 349 0144 E6       		.byte	-26
 350 0145 02       		.byte	2
 351 0146 E2       		.byte	-30
 352 0147 08       		.byte	8
 353 0148 EE       		.byte	-18
 354 0149 06       		.byte	6
 355 014a 00       		.byte	0
 356 014b 13       		.byte	19
 357 014c 02       		.byte	2
 358 014d 04       		.byte	4
 359 014e 06       		.byte	6
 360 014f 15       		.byte	21
 361 0150 0C       		.byte	12
 362 0151 13       		.byte	19
 363 0152 0D       		.byte	13
 364 0153 08       		.byte	8
 365 0154 0E       		.byte	14
 366 0155 0C       		.byte	12
 367 0156 11       		.byte	17
 368 0157 01       		.byte	1
 369 0158 13       		.byte	19
 370 0159 46       		.byte	70
 371 015a 14       		.byte	20
 372 015b 0A       		.byte	10
 373 015c 16       		.byte	22
 374 015d 14       		.byte	20
 375 015e 19       		.byte	25
 376 015f 24       		.byte	36
 377 0160 1B       		.byte	27
 378 0161 91       		.byte	-111
 379 0162 20       		.byte	32
 380 0163 03       		.byte	3
 381 0164 22       		.byte	34
 382 0165 14       		.byte	20
 383 0166 24       		.byte	36
 384 0167 20       		.byte	32
 385 0168 25       		.byte	37
 386 0169 3F       		.byte	63
 387 016a 29       		.byte	41
 388 016b 3F       		.byte	63
 389 016c 2A       		.byte	42
 390 016d 08       		.byte	8
 391 016e 2D       		.byte	45
 392 016f 12       		.byte	18
 393 0170 2F       		.byte	47
 394 0171 A1       		.byte	-95
 395 0172 30       		.byte	48
 396 0173 10       		.byte	16
 397 0174 31       		.byte	49
 398 0175 08       		.byte	8
 399 0176 33       		.byte	51
ARM GAS  C:\Users\gerwi\AppData\Local\Temp\ccaFXlyk.s 			page 8


 400 0177 30       		.byte	48
 401 0178 34       		.byte	52
 402 0179 20       		.byte	32
 403 017a 35       		.byte	53
 404 017b C0       		.byte	-64
 405 017c 36       		.byte	54
 406 017d 0F       		.byte	15
 407 017e 37       		.byte	55
 408 017f 07       		.byte	7
 409 0180 3A       		.byte	58
 410 0181 80       		.byte	-128
 411 0182 3E       		.byte	62
 412 0183 11       		.byte	17
 413 0184 3F       		.byte	63
 414 0185 10       		.byte	16
 415 0186 40       		.byte	64
 416 0187 16       		.byte	22
 417 0188 41       		.byte	65
 418 0189 04       		.byte	4
 419 018a 46       		.byte	70
 420 018b EC       		.byte	-20
 421 018c 47       		.byte	71
 422 018d 0B       		.byte	11
 423 018e 48       		.byte	72
 424 018f 1C       		.byte	28
 425 0190 49       		.byte	73
 426 0191 FF       		.byte	-1
 427 0192 4A       		.byte	74
 428 0193 FF       		.byte	-1
 429 0194 4B       		.byte	75
 430 0195 FF       		.byte	-1
 431 0196 4E       		.byte	78
 432 0197 F0       		.byte	-16
 433 0198 4F       		.byte	79
 434 0199 44       		.byte	68
 435 019a 50       		.byte	80
 436 019b 0C       		.byte	12
 437 019c 54       		.byte	84
 438 019d 01       		.byte	1
 439 019e 56       		.byte	86
 440 019f 04       		.byte	4
 441 01a0 58       		.byte	88
 442 01a1 04       		.byte	4
 443 01a2 59       		.byte	89
 444 01a3 04       		.byte	4
 445 01a4 5A       		.byte	90
 446 01a5 04       		.byte	4
 447 01a6 5B       		.byte	91
 448 01a7 04       		.byte	4
 449 01a8 5C       		.byte	92
 450 01a9 11       		.byte	17
 451 01aa 5D       		.byte	93
 452 01ab 11       		.byte	17
 453 01ac 5F       		.byte	95
 454 01ad 01       		.byte	1
 455 01ae 66       		.byte	102
 456 01af C0       		.byte	-64
ARM GAS  C:\Users\gerwi\AppData\Local\Temp\ccaFXlyk.s 			page 9


 457 01b0 6A       		.byte	106
 458 01b1 40       		.byte	64
 459 01b2 6B       		.byte	107
 460 01b3 02       		.byte	2
 461 01b4 84       		.byte	-124
 462 01b5 09       		.byte	9
 463 01b6 85       		.byte	-123
 464 01b7 20       		.byte	32
 465 01b8 86       		.byte	-122
 466 01b9 D0       		.byte	-48
 467 01ba 87       		.byte	-121
 468 01bb 43       		.byte	67
 469 01bc 8B       		.byte	-117
 470 01bd 0C       		.byte	12
 471 01be 8C       		.byte	-116
 472 01bf 0C       		.byte	12
 473 01c0 8E       		.byte	-114
 474 01c1 71       		.byte	113
 475 01c2 94       		.byte	-108
 476 01c3 DC       		.byte	-36
 477 01c4 95       		.byte	-107
 478 01c5 8C       		.byte	-116
 479 01c6 96       		.byte	-106
 480 01c7 22       		.byte	34
 481 01c8 97       		.byte	-105
 482 01c9 13       		.byte	19
 483 01ca 9A       		.byte	-102
 484 01cb 03       		.byte	3
 485 01cc 9C       		.byte	-100
 486 01cd 10       		.byte	16
 487 01ce 9E       		.byte	-98
 488 01cf AC       		.byte	-84
 489 01d0 9F       		.byte	-97
 490 01d1 08       		.byte	8
 491 01d2 A0       		.byte	-96
 492 01d3 10       		.byte	16
 493 01d4 A1       		.byte	-95
 494 01d5 D1       		.byte	-47
 495 01d6 A2       		.byte	-94
 496 01d7 40       		.byte	64
 497 01d8 A3       		.byte	-93
 498 01d9 0E       		.byte	14
 499 01da A4       		.byte	-92
 500 01db 14       		.byte	20
 501 01dc AA       		.byte	-86
 502 01dd 20       		.byte	32
 503 01de AD       		.byte	-83
 504 01df D1       		.byte	-47
 505 01e0 AF       		.byte	-81
 506 01e1 06       		.byte	6
 507 01e2 B0       		.byte	-80
 508 01e3 E0       		.byte	-32
 509 01e4 B1       		.byte	-79
 510 01e5 C0       		.byte	-64
 511 01e6 B3       		.byte	-77
 512 01e7 0F       		.byte	15
 513 01e8 B4       		.byte	-76
ARM GAS  C:\Users\gerwi\AppData\Local\Temp\ccaFXlyk.s 			page 10


 514 01e9 1F       		.byte	31
 515 01ea B5       		.byte	-75
 516 01eb 30       		.byte	48
 517 01ec B9       		.byte	-71
 518 01ed 22       		.byte	34
 519 01ee BA       		.byte	-70
 520 01ef 02       		.byte	2
 521 01f0 BB       		.byte	-69
 522 01f1 08       		.byte	8
 523 01f2 BF       		.byte	-65
 524 01f3 01       		.byte	1
 525 01f4 C0       		.byte	-64
 526 01f5 04       		.byte	4
 527 01f6 C5       		.byte	-59
 528 01f7 40       		.byte	64
 529 01f8 C9       		.byte	-55
 530 01f9 FF       		.byte	-1
 531 01fa CA       		.byte	-54
 532 01fb 07       		.byte	7
 533 01fc CB       		.byte	-53
 534 01fd FF       		.byte	-1
 535 01fe CC       		.byte	-52
 536 01ff 40       		.byte	64
 537 0200 CD       		.byte	-51
 538 0201 20       		.byte	32
 539 0202 CE       		.byte	-50
 540 0203 F0       		.byte	-16
 541 0204 CF       		.byte	-49
 542 0205 05       		.byte	5
 543 0206 D0       		.byte	-48
 544 0207 08       		.byte	8
 545 0208 D8       		.byte	-40
 546 0209 04       		.byte	4
 547 020a D9       		.byte	-39
 548 020b 04       		.byte	4
 549 020c DA       		.byte	-38
 550 020d 04       		.byte	4
 551 020e DC       		.byte	-36
 552 020f 11       		.byte	17
 553 0210 DD       		.byte	-35
 554 0211 01       		.byte	1
 555 0212 DF       		.byte	-33
 556 0213 01       		.byte	1
 557 0214 E0       		.byte	-32
 558 0215 40       		.byte	64
 559 0216 E1       		.byte	-31
 560 0217 A8       		.byte	-88
 561 0218 E2       		.byte	-30
 562 0219 40       		.byte	64
 563 021a E3       		.byte	-29
 564 021b 20       		.byte	32
 565 021c 00       		.byte	0
 566 021d 48       		.byte	72
 567 021e 04       		.byte	4
 568 021f 08       		.byte	8
 569 0220 05       		.byte	5
 570 0221 41       		.byte	65
ARM GAS  C:\Users\gerwi\AppData\Local\Temp\ccaFXlyk.s 			page 11


 571 0222 09       		.byte	9
 572 0223 80       		.byte	-128
 573 0224 0A       		.byte	10
 574 0225 04       		.byte	4
 575 0226 0B       		.byte	11
 576 0227 10       		.byte	16
 577 0228 0F       		.byte	15
 578 0229 10       		.byte	16
 579 022a 10       		.byte	16
 580 022b 88       		.byte	-120
 581 022c 11       		.byte	17
 582 022d 08       		.byte	8
 583 022e 15       		.byte	21
 584 022f 20       		.byte	32
 585 0230 16       		.byte	22
 586 0231 A0       		.byte	-96
 587 0232 18       		.byte	24
 588 0233 40       		.byte	64
 589 0234 19       		.byte	25
 590 0235 21       		.byte	33
 591 0236 1A       		.byte	26
 592 0237 04       		.byte	4
 593 0238 1D       		.byte	29
 594 0239 C0       		.byte	-64
 595 023a 1E       		.byte	30
 596 023b 48       		.byte	72
 597 023c 20       		.byte	32
 598 023d 08       		.byte	8
 599 023e 21       		.byte	33
 600 023f 11       		.byte	17
 601 0240 22       		.byte	34
 602 0241 04       		.byte	4
 603 0242 23       		.byte	35
 604 0243 10       		.byte	16
 605 0244 25       		.byte	37
 606 0245 09       		.byte	9
 607 0246 27       		.byte	39
 608 0247 19       		.byte	25
 609 0248 28       		.byte	40
 610 0249 80       		.byte	-128
 611 024a 29       		.byte	41
 612 024b 41       		.byte	65
 613 024c 2D       		.byte	45
 614 024d 80       		.byte	-128
 615 024e 2F       		.byte	47
 616 024f 28       		.byte	40
 617 0250 30       		.byte	48
 618 0251 80       		.byte	-128
 619 0252 32       		.byte	50
 620 0253 04       		.byte	4
 621 0254 35       		.byte	53
 622 0255 02       		.byte	2
 623 0256 37       		.byte	55
 624 0257 11       		.byte	17
 625 0258 38       		.byte	56
 626 0259 08       		.byte	8
 627 025a 39       		.byte	57
ARM GAS  C:\Users\gerwi\AppData\Local\Temp\ccaFXlyk.s 			page 12


 628 025b 20       		.byte	32
 629 025c 3D       		.byte	61
 630 025d 80       		.byte	-128
 631 025e 41       		.byte	65
 632 025f 01       		.byte	1
 633 0260 44       		.byte	68
 634 0261 80       		.byte	-128
 635 0262 45       		.byte	69
 636 0263 80       		.byte	-128
 637 0264 48       		.byte	72
 638 0265 80       		.byte	-128
 639 0266 4C       		.byte	76
 640 0267 04       		.byte	4
 641 0268 50       		.byte	80
 642 0269 0C       		.byte	12
 643 026a 55       		.byte	85
 644 026b 04       		.byte	4
 645 026c 56       		.byte	86
 646 026d A0       		.byte	-96
 647 026e 57       		.byte	87
 648 026f 80       		.byte	-128
 649 0270 5C       		.byte	92
 650 0271 20       		.byte	32
 651 0272 5E       		.byte	94
 652 0273 49       		.byte	73
 653 0274 67       		.byte	103
 654 0275 80       		.byte	-128
 655 0276 87       		.byte	-121
 656 0277 40       		.byte	64
 657 0278 AB       		.byte	-85
 658 0279 80       		.byte	-128
 659 027a C0       		.byte	-64
 660 027b B5       		.byte	-75
 661 027c C2       		.byte	-62
 662 027d 27       		.byte	39
 663 027e C4       		.byte	-60
 664 027f 7E       		.byte	126
 665 0280 CA       		.byte	-54
 666 0281 79       		.byte	121
 667 0282 CC       		.byte	-52
 668 0283 AA       		.byte	-86
 669 0284 CE       		.byte	-50
 670 0285 16       		.byte	22
 671 0286 D0       		.byte	-48
 672 0287 91       		.byte	-111
 673 0288 D2       		.byte	-46
 674 0289 20       		.byte	32
 675 028a D6       		.byte	-42
 676 028b F0       		.byte	-16
 677 028c D8       		.byte	-40
 678 028d 80       		.byte	-128
 679 028e EE       		.byte	-18
 680 028f 02       		.byte	2
 681 0290 06       		.byte	6
 682 0291 01       		.byte	1
 683 0292 0E       		.byte	14
 684 0293 04       		.byte	4
ARM GAS  C:\Users\gerwi\AppData\Local\Temp\ccaFXlyk.s 			page 13


 685 0294 12       		.byte	18
 686 0295 02       		.byte	2
 687 0296 1E       		.byte	30
 688 0297 01       		.byte	1
 689 0298 26       		.byte	38
 690 0299 02       		.byte	2
 691 029a 29       		.byte	41
 692 029b 01       		.byte	1
 693 029c 30       		.byte	48
 694 029d 02       		.byte	2
 695 029e 32       		.byte	50
 696 029f 04       		.byte	4
 697 02a0 33       		.byte	51
 698 02a1 01       		.byte	1
 699 02a2 34       		.byte	52
 700 02a3 01       		.byte	1
 701 02a4 3E       		.byte	62
 702 02a5 11       		.byte	17
 703 02a6 3F       		.byte	63
 704 02a7 04       		.byte	4
 705 02a8 54       		.byte	84
 706 02a9 18       		.byte	24
 707 02aa 56       		.byte	86
 708 02ab 04       		.byte	4
 709 02ac 58       		.byte	88
 710 02ad 04       		.byte	4
 711 02ae 59       		.byte	89
 712 02af 04       		.byte	4
 713 02b0 5B       		.byte	91
 714 02b1 04       		.byte	4
 715 02b2 5C       		.byte	92
 716 02b3 01       		.byte	1
 717 02b4 5D       		.byte	93
 718 02b5 10       		.byte	16
 719 02b6 5F       		.byte	95
 720 02b7 01       		.byte	1
 721 02b8 01       		.byte	1
 722 02b9 80       		.byte	-128
 723 02ba 02       		.byte	2
 724 02bb 10       		.byte	16
 725 02bc 05       		.byte	5
 726 02bd 01       		.byte	1
 727 02be 06       		.byte	6
 728 02bf 09       		.byte	9
 729 02c0 07       		.byte	7
 730 02c1 20       		.byte	32
 731 02c2 09       		.byte	9
 732 02c3 02       		.byte	2
 733 02c4 0A       		.byte	10
 734 02c5 01       		.byte	1
 735 02c6 0C       		.byte	12
 736 02c7 42       		.byte	66
 737 02c8 0D       		.byte	13
 738 02c9 08       		.byte	8
 739 02ca 0E       		.byte	14
 740 02cb 18       		.byte	24
 741 02cc 10       		.byte	16
ARM GAS  C:\Users\gerwi\AppData\Local\Temp\ccaFXlyk.s 			page 14


 742 02cd 20       		.byte	32
 743 02ce 15       		.byte	21
 744 02cf 01       		.byte	1
 745 02d0 17       		.byte	23
 746 02d1 14       		.byte	20
 747 02d2 18       		.byte	24
 748 02d3 04       		.byte	4
 749 02d4 19       		.byte	25
 750 02d5 08       		.byte	8
 751 02d6 1B       		.byte	27
 752 02d7 01       		.byte	1
 753 02d8 1D       		.byte	29
 754 02d9 01       		.byte	1
 755 02da 1E       		.byte	30
 756 02db 69       		.byte	105
 757 02dc 1F       		.byte	31
 758 02dd 10       		.byte	16
 759 02de 20       		.byte	32
 760 02df 10       		.byte	16
 761 02e0 25       		.byte	37
 762 02e1 02       		.byte	2
 763 02e2 26       		.byte	38
 764 02e3 02       		.byte	2
 765 02e4 27       		.byte	39
 766 02e5 15       		.byte	21
 767 02e6 29       		.byte	41
 768 02e7 20       		.byte	32
 769 02e8 2D       		.byte	45
 770 02e9 8B       		.byte	-117
 771 02ea 2E       		.byte	46
 772 02eb 10       		.byte	16
 773 02ec 34       		.byte	52
 774 02ed 40       		.byte	64
 775 02ee 37       		.byte	55
 776 02ef 16       		.byte	22
 777 02f0 3E       		.byte	62
 778 02f1 6A       		.byte	106
 779 02f2 44       		.byte	68
 780 02f3 40       		.byte	64
 781 02f4 45       		.byte	69
 782 02f5 01       		.byte	1
 783 02f6 47       		.byte	71
 784 02f7 18       		.byte	24
 785 02f8 4A       		.byte	74
 786 02f9 04       		.byte	4
 787 02fa 4B       		.byte	75
 788 02fb 10       		.byte	16
 789 02fc 4C       		.byte	76
 790 02fd 20       		.byte	32
 791 02fe 4E       		.byte	78
 792 02ff 02       		.byte	2
 793 0300 4F       		.byte	79
 794 0301 10       		.byte	16
 795 0302 56       		.byte	86
 796 0303 10       		.byte	16
 797 0304 5B       		.byte	91
 798 0305 01       		.byte	1
ARM GAS  C:\Users\gerwi\AppData\Local\Temp\ccaFXlyk.s 			page 15


 799 0306 5E       		.byte	94
 800 0307 20       		.byte	32
 801 0308 60       		.byte	96
 802 0309 04       		.byte	4
 803 030a 63       		.byte	99
 804 030b 42       		.byte	66
 805 030c 6D       		.byte	109
 806 030d 80       		.byte	-128
 807 030e 6F       		.byte	111
 808 030f 28       		.byte	40
 809 0310 76       		.byte	118
 810 0311 2B       		.byte	43
 811 0312 77       		.byte	119
 812 0313 20       		.byte	32
 813 0314 80       		.byte	-128
 814 0315 10       		.byte	16
 815 0316 87       		.byte	-121
 816 0317 40       		.byte	64
 817 0318 88       		.byte	-120
 818 0319 02       		.byte	2
 819 031a 89       		.byte	-119
 820 031b 80       		.byte	-128
 821 031c 8B       		.byte	-117
 822 031d 12       		.byte	18
 823 031e 99       		.byte	-103
 824 031f 22       		.byte	34
 825 0320 9B       		.byte	-101
 826 0321 08       		.byte	8
 827 0322 9D       		.byte	-99
 828 0323 80       		.byte	-128
 829 0324 A1       		.byte	-95
 830 0325 09       		.byte	9
 831 0326 A5       		.byte	-91
 832 0327 40       		.byte	64
 833 0328 A7       		.byte	-89
 834 0329 28       		.byte	40
 835 032a B0       		.byte	-80
 836 032b 20       		.byte	32
 837 032c B2       		.byte	-78
 838 032d 21       		.byte	33
 839 032e B3       		.byte	-77
 840 032f 80       		.byte	-128
 841 0330 C0       		.byte	-64
 842 0331 F5       		.byte	-11
 843 0332 C2       		.byte	-62
 844 0333 F9       		.byte	-7
 845 0334 C4       		.byte	-60
 846 0335 74       		.byte	116
 847 0336 CA       		.byte	-54
 848 0337 F4       		.byte	-12
 849 0338 CC       		.byte	-52
 850 0339 F0       		.byte	-16
 851 033a CE       		.byte	-50
 852 033b F0       		.byte	-16
 853 033c D0       		.byte	-48
 854 033d E0       		.byte	-32
 855 033e D2       		.byte	-46
ARM GAS  C:\Users\gerwi\AppData\Local\Temp\ccaFXlyk.s 			page 16


 856 033f 30       		.byte	48
 857 0340 D6       		.byte	-42
 858 0341 21       		.byte	33
 859 0342 D8       		.byte	-40
 860 0343 0D       		.byte	13
 861 0344 E4       		.byte	-28
 862 0345 01       		.byte	1
 863 0346 12       		.byte	18
 864 0347 80       		.byte	-128
 865 0348 30       		.byte	48
 866 0349 02       		.byte	2
 867 034a 33       		.byte	51
 868 034b 20       		.byte	32
 869 034c 36       		.byte	54
 870 034d 20       		.byte	32
 871 034e 37       		.byte	55
 872 034f 02       		.byte	2
 873 0350 38       		.byte	56
 874 0351 40       		.byte	64
 875 0352 3C       		.byte	60
 876 0353 40       		.byte	64
 877 0354 C4       		.byte	-60
 878 0355 10       		.byte	16
 879 0356 CC       		.byte	-52
 880 0357 F0       		.byte	-16
 881 0358 CE       		.byte	-50
 882 0359 30       		.byte	48
 883 035a 32       		.byte	50
 884 035b 84       		.byte	-124
 885 035c 36       		.byte	54
 886 035d 20       		.byte	32
 887 035e 94       		.byte	-108
 888 035f 40       		.byte	64
 889 0360 9F       		.byte	-97
 890 0361 02       		.byte	2
 891 0362 A2       		.byte	-94
 892 0363 80       		.byte	-128
 893 0364 A4       		.byte	-92
 894 0365 02       		.byte	2
 895 0366 A6       		.byte	-90
 896 0367 20       		.byte	32
 897 0368 A7       		.byte	-89
 898 0369 20       		.byte	32
 899 036a CC       		.byte	-52
 900 036b 70       		.byte	112
 901 036c 12       		.byte	18
 902 036d 80       		.byte	-128
 903 036e 8C       		.byte	-116
 904 036f 40       		.byte	64
 905 0370 94       		.byte	-108
 906 0371 40       		.byte	64
 907 0372 96       		.byte	-106
 908 0373 08       		.byte	8
 909 0374 9F       		.byte	-97
 910 0375 02       		.byte	2
 911 0376 A4       		.byte	-92
 912 0377 02       		.byte	2
ARM GAS  C:\Users\gerwi\AppData\Local\Temp\ccaFXlyk.s 			page 17


 913 0378 A6       		.byte	-90
 914 0379 20       		.byte	32
 915 037a A7       		.byte	-89
 916 037b 20       		.byte	32
 917 037c C4       		.byte	-60
 918 037d 10       		.byte	16
 919 037e 63       		.byte	99
 920 037f 08       		.byte	8
 921 0380 9F       		.byte	-97
 922 0381 02       		.byte	2
 923 0382 A4       		.byte	-92
 924 0383 02       		.byte	2
 925 0384 A6       		.byte	-90
 926 0385 20       		.byte	32
 927 0386 AB       		.byte	-85
 928 0387 20       		.byte	32
 929 0388 AE       		.byte	-82
 930 0389 84       		.byte	-124
 931 038a D8       		.byte	-40
 932 038b 40       		.byte	64
 933 038c EE       		.byte	-18
 934 038d 20       		.byte	32
 935 038e 1A       		.byte	26
 936 038f 20       		.byte	32
 937 0390 1B       		.byte	27
 938 0391 04       		.byte	4
 939 0392 8E       		.byte	-114
 940 0393 10       		.byte	16
 941 0394 C6       		.byte	-58
 942 0395 08       		.byte	8
 943 0396 E2       		.byte	-30
 944 0397 02       		.byte	2
 945 0398 0B       		.byte	11
 946 0399 40       		.byte	64
 947 039a AB       		.byte	-85
 948 039b 04       		.byte	4
 949 039c C2       		.byte	-62
 950 039d 08       		.byte	8
 951 039e 84       		.byte	-124
 952 039f 02       		.byte	2
 953 03a0 A4       		.byte	-92
 954 03a1 02       		.byte	2
 955 03a2 A6       		.byte	-90
 956 03a3 20       		.byte	32
 957 03a4 AB       		.byte	-85
 958 03a5 04       		.byte	4
 959 03a6 AF       		.byte	-81
 960 03a7 02       		.byte	2
 961 03a8 E2       		.byte	-30
 962 03a9 10       		.byte	16
 963 03aa EE       		.byte	-18
 964 03ab 60       		.byte	96
 965 03ac 86       		.byte	-122
 966 03ad 20       		.byte	32
 967 03ae A6       		.byte	-90
 968 03af 20       		.byte	32
 969 03b0 E6       		.byte	-26
ARM GAS  C:\Users\gerwi\AppData\Local\Temp\ccaFXlyk.s 			page 18


 970 03b1 40       		.byte	64
 971 03b2 AF       		.byte	-81
 972 03b3 40       		.byte	64
 973 03b4 11       		.byte	17
 974 03b5 01       		.byte	1
 975 03b6 70       		.byte	112
 976 03b7 04       		.byte	4
 977 03b8 80       		.byte	-128
 978 03b9 04       		.byte	4
 979 03ba 89       		.byte	-119
 980 03bb 01       		.byte	1
 981 03bc C4       		.byte	-60
 982 03bd 08       		.byte	8
 983 03be DC       		.byte	-36
 984 03bf 01       		.byte	1
 985 03c0 E6       		.byte	-26
 986 03c1 01       		.byte	1
 987 03c2 00       		.byte	0
 988 03c3 01       		.byte	1
 989 03c4 0C       		.byte	12
 990 03c5 01       		.byte	1
 991 03c6 10       		.byte	16
 992 03c7 02       		.byte	2
 993 03c8 1C       		.byte	28
 994 03c9 02       		.byte	2
 995 03ca 00       		.byte	0
 996 03cb BF       		.byte	-65
 997 03cc 01       		.byte	1
 998 03cd BF       		.byte	-65
 999 03ce 10       		.byte	16
 1000 03cf 02       		.byte	2
 1001 03d0 1F       		.byte	31
 1002 03d1 10       		.byte	16
 1003 03d2 60       		.byte	96
 1004 03d3 00       		.byte	0
 1005 03d4 0C       		.byte	12
 1006 03d5 08       		.byte	8
 1007 03d6 00       		.byte	0
 1008 03d7 00       		.byte	0
 1009 03d8 04       		.byte	4
 1010 03d9 18       		.byte	24
 1011 03da 00       		.byte	0
 1012 03db 00       		.byte	0
 1013 03dc 08       		.byte	8
 1014 03dd 1C       		.byte	28
 1015 03de 00       		.byte	0
 1016 03df E1       		.byte	-31
 1017 03e0 01       		.byte	1
 1018 03e1 E7       		.byte	-25
 1019 03e2 00       		.byte	0
 1020 03e3 18       		.byte	24
 1021 03e4 02       		.byte	2
 1022 03e5 3C       		.byte	60
 1023 03e6 00       		.byte	0
 1024 03e7 C2       		.byte	-62
 1025 03e8 73       		.byte	115
 1026 03e9 FF       		.byte	-1
ARM GAS  C:\Users\gerwi\AppData\Local\Temp\ccaFXlyk.s 			page 19


 1027 03ea 0C       		.byte	12
 1028 03eb 00       		.byte	0
 1029 03ec 00       		.byte	0
 1030 03ed 00       		.byte	0
 1031 03ee 23       		.byte	35
 1032 03ef E3       		.byte	-29
 1033 03f0 03       		.byte	3
 1034 03f1 C0       		.byte	-64
 1035 03f2 00       		.byte	0
 1036 03f3 00       		.byte	0
 1037 03f4 1C       		.byte	28
 1038 03f5 00       		.byte	0
 1039 03f6 63       		.byte	99
 1040 03f7 04       		.byte	4
 1041 03f8 7F       		.byte	127
 1042 03f9 80       		.byte	-128
 1043 03fa 00       		.byte	0
 1044 03fb 00       		.byte	0
 1045 03fc 00       		.byte	0
 1046 03fd 44       		.byte	68
 1047 03fe 00       		.byte	0
 1048 03ff 00       		.byte	0
 1049 0400 2C       		.byte	44
 1050 0401 38       		.byte	56
 1051 0402 10       		.byte	16
 1052 0403 00       		.byte	0
 1053 0404 0F       		.byte	15
 1054 0405 1F       		.byte	31
 1055 0406 40       		.byte	64
 1056 0407 C0       		.byte	-64
 1057 0408 80       		.byte	-128
 1058 0409 00       		.byte	0
 1059 040a 22       		.byte	34
 1060 040b 28       		.byte	40
 1061 040c 00       		.byte	0
 1062 040d 00       		.byte	0
 1063 040e 04       		.byte	4
 1064 040f 00       		.byte	0
 1065 0410 64       		.byte	100
 1066 0411 02       		.byte	2
 1067 0412 05       		.byte	5
 1068 0413 00       		.byte	0
 1069 0414 03       		.byte	3
 1070 0415 0C       		.byte	12
 1071 0416 E0       		.byte	-32
 1072 0417 00       		.byte	0
 1073 0418 09       		.byte	9
 1074 0419 FF       		.byte	-1
 1075 041a FF       		.byte	-1
 1076 041b FF       		.byte	-1
 1077 041c 62       		.byte	98
 1078 041d A0       		.byte	-96
 1079 041e F0       		.byte	-16
 1080 041f 41       		.byte	65
 1081 0420 0C       		.byte	12
 1082 0421 00       		.byte	0
 1083 0422 00       		.byte	0
ARM GAS  C:\Users\gerwi\AppData\Local\Temp\ccaFXlyk.s 			page 20


 1084 0423 00       		.byte	0
 1085 0424 00       		.byte	0
 1086 0425 00       		.byte	0
 1087 0426 02       		.byte	2
 1088 0427 11       		.byte	17
 1089 0428 04       		.byte	4
 1090 0429 04       		.byte	4
 1091 042a 04       		.byte	4
 1092 042b 04       		.byte	4
 1093 042c 11       		.byte	17
 1094 042d 11       		.byte	17
 1095 042e 00       		.byte	0
 1096 042f 01       		.byte	1
 1097 0430 00       		.byte	0
 1098 0431 00       		.byte	0
 1099 0432 00       		.byte	0
 1100 0433 00       		.byte	0
 1101 0434 00       		.byte	0
 1102 0435 00       		.byte	0
 1103 0436 40       		.byte	64
 1104 0437 02       		.byte	2
 1105 0438 00       		.byte	0
 1106 0439 10       		.byte	16
 1107 043a 30       		.byte	48
 1108 043b 10       		.byte	16
 1109 043c 00       		.byte	0
 1110 043d 10       		.byte	16
 1111 043e 10       		.byte	16
 1112 043f 12       		.byte	18
 1113 0440 00       		.byte	0
 1114 0441 00       		.byte	0
 1115 0442 00       		.byte	0
 1116 0443 00       		.byte	0
 1117 0444 00       		.byte	0
 1118 0445 00       		.byte	0
 1119 0446 00       		.byte	0
 1120 0447 00       		.byte	0
 1121 0448 00       		.byte	0
 1122 0449 00       		.byte	0
 1123 044a 00       		.byte	0
 1124 044b 00       		.byte	0
 1125 044c 00       		.byte	0
 1126 044d 00       		.byte	0
 1127 044e 00       		.byte	0
 1128 044f 00       		.byte	0
 1129 0450 00       		.byte	0
 1130 0451 00       		.byte	0
 1131 0452 00       		.byte	0
 1132 0453 00       		.byte	0
 1133 0454 00       		.byte	0
 1134 0455 00       		.byte	0
 1135 0456 02       		.byte	2
 1136 0457 00       		.byte	0
 1137 0458 80       		.byte	-128
 1138 0459 00       		.byte	0
 1139 045a 40       		.byte	64
 1140 045b 80       		.byte	-128
ARM GAS  C:\Users\gerwi\AppData\Local\Temp\ccaFXlyk.s 			page 21


 1141 045c 80       		.byte	-128
 1142 045d 00       		.byte	0
 1143 045e 80       		.byte	-128
 1144 045f 00       		.byte	0
 1145 0460 00       		.byte	0
 1146 0461 00       		.byte	0
 1147 0462 00       		.byte	0
 1148 0463 00       		.byte	0
 1149 0464 40       		.byte	64
 1150 0465 00       		.byte	0
 1151 0466 00       		.byte	0
 1152 0467 00       		.byte	0
 1153 0468 00       		.byte	0
 1154 0469 00       		.byte	0
 1155 046a 00       		.byte	0
 1156 046b 00       		.byte	0
 1157 046c C0       		.byte	-64
 1158 046d 00       		.byte	0
 1159 046e 00       		.byte	0
 1160 046f 00       		.byte	0
 1161 0470 00       		.byte	0
 1162 0471 0B       		.byte	11
 1163 0472 0B       		.byte	11
 1164 0473 00       		.byte	0
 1165 0474 00       		.byte	0
 1166 0475 00       		.byte	0
 1167 0476 00       		.byte	0
 1168 0477 00       		.byte	0
 1169 0478 0E       		.byte	14
 1170 0479 00       		.byte	0
 1171 047a 18       		.byte	24
 1172 047b 01       		.byte	1
 1173              		.global	cy_meta_custnvl
 1174              		.section	.cycustnvl,"a",%progbits
 1175              		.align	2
 1176              		.type	cy_meta_custnvl, %object
 1177              		.size	cy_meta_custnvl, 4
 1178              	cy_meta_custnvl:
 1179 0000 00       		.byte	0
 1180 0001 00       		.byte	0
 1181 0002 40       		.byte	64
 1182 0003 05       		.byte	5
 1183              		.global	cy_meta_wonvl
 1184              		.section	.cywolatch,"a",%progbits
 1185              		.align	2
 1186              		.type	cy_meta_wonvl, %object
 1187              		.size	cy_meta_wonvl, 4
 1188              	cy_meta_wonvl:
 1189 0000 BC       		.byte	-68
 1190 0001 90       		.byte	-112
 1191 0002 AC       		.byte	-84
 1192 0003 AF       		.byte	-81
 1193              		.global	cy_meta_flashprotect
 1194              		.section	.cyflashprotect,"a",%progbits
 1195              		.align	2
 1196              		.type	cy_meta_flashprotect, %object
 1197              		.size	cy_meta_flashprotect, 256
ARM GAS  C:\Users\gerwi\AppData\Local\Temp\ccaFXlyk.s 			page 22


 1198              	cy_meta_flashprotect:
 1199 0000 00000000 		.space	256
 1199      00000000 
 1199      00000000 
 1199      00000000 
 1199      00000000 
 1200              		.global	cy_metadata
 1201              		.section	.cymeta,"a",%progbits
 1202              		.align	2
 1203              		.type	cy_metadata, %object
 1204              		.size	cy_metadata, 12
 1205              	cy_metadata:
 1206 0000 00       		.byte	0
 1207 0001 01       		.byte	1
 1208 0002 2E       		.byte	46
 1209 0003 16       		.byte	22
 1210 0004 10       		.byte	16
 1211 0005 69       		.byte	105
 1212 0006 00       		.byte	0
 1213 0007 01       		.byte	1
 1214 0008 00       		.byte	0
 1215 0009 00       		.byte	0
 1216 000a 00       		.byte	0
 1217 000b 00       		.byte	0
 1218              		.text
 1219              	.Letext0:
 1220              		.file 1 "c:\\program files (x86)\\cypress\\psoc creator\\4.2\\psoc creator\\import\\gnu\\arm\\5.4.
 1221              		.file 2 "c:\\program files (x86)\\cypress\\psoc creator\\4.2\\psoc creator\\import\\gnu\\arm\\5.4.
 1222              		.file 3 "Generated_Source\\PSoC5\\cymetadata.c"
 1223              		.section	.debug_info,"",%progbits
 1224              	.Ldebug_info0:
 1225 0000 32010000 		.4byte	0x132
 1226 0004 0400     		.2byte	0x4
 1227 0006 00000000 		.4byte	.Ldebug_abbrev0
 1228 000a 04       		.byte	0x4
 1229 000b 01       		.uleb128 0x1
 1230 000c 0A000000 		.4byte	.LASF17
 1231 0010 0C       		.byte	0xc
 1232 0011 D7010000 		.4byte	.LASF18
 1233 0015 98000000 		.4byte	.LASF19
 1234 0019 00000000 		.4byte	.Ldebug_line0
 1235 001d 02       		.uleb128 0x2
 1236 001e 01       		.byte	0x1
 1237 001f 06       		.byte	0x6
 1238 0020 CB010000 		.4byte	.LASF0
 1239 0024 03       		.uleb128 0x3
 1240 0025 00000000 		.4byte	.LASF9
 1241 0029 01       		.byte	0x1
 1242 002a 1D       		.byte	0x1d
 1243 002b 2F000000 		.4byte	0x2f
 1244 002f 02       		.uleb128 0x2
 1245 0030 01       		.byte	0x1
 1246 0031 08       		.byte	0x8
 1247 0032 FD000000 		.4byte	.LASF1
 1248 0036 02       		.uleb128 0x2
 1249 0037 02       		.byte	0x2
 1250 0038 05       		.byte	0x5
ARM GAS  C:\Users\gerwi\AppData\Local\Temp\ccaFXlyk.s 			page 23


 1251 0039 B8010000 		.4byte	.LASF2
 1252 003d 02       		.uleb128 0x2
 1253 003e 02       		.byte	0x2
 1254 003f 07       		.byte	0x7
 1255 0040 1D010000 		.4byte	.LASF3
 1256 0044 02       		.uleb128 0x2
 1257 0045 04       		.byte	0x4
 1258 0046 05       		.byte	0x5
 1259 0047 C2010000 		.4byte	.LASF4
 1260 004b 02       		.uleb128 0x2
 1261 004c 04       		.byte	0x4
 1262 004d 07       		.byte	0x7
 1263 004e 0B010000 		.4byte	.LASF5
 1264 0052 02       		.uleb128 0x2
 1265 0053 08       		.byte	0x8
 1266 0054 05       		.byte	0x5
 1267 0055 AA010000 		.4byte	.LASF6
 1268 0059 02       		.uleb128 0x2
 1269 005a 08       		.byte	0x8
 1270 005b 07       		.byte	0x7
 1271 005c 5F010000 		.4byte	.LASF7
 1272 0060 04       		.uleb128 0x4
 1273 0061 04       		.byte	0x4
 1274 0062 05       		.byte	0x5
 1275 0063 696E7400 		.ascii	"int\000"
 1276 0067 02       		.uleb128 0x2
 1277 0068 04       		.byte	0x4
 1278 0069 07       		.byte	0x7
 1279 006a 52010000 		.4byte	.LASF8
 1280 006e 03       		.uleb128 0x3
 1281 006f 76010000 		.4byte	.LASF10
 1282 0073 02       		.byte	0x2
 1283 0074 18       		.byte	0x18
 1284 0075 24000000 		.4byte	0x24
 1285 0079 05       		.uleb128 0x5
 1286 007a 91000000 		.4byte	0x91
 1287 007e 8A000000 		.4byte	0x8a
 1288 0082 06       		.uleb128 0x6
 1289 0083 8A000000 		.4byte	0x8a
 1290 0087 7B04     		.2byte	0x47b
 1291 0089 00       		.byte	0
 1292 008a 02       		.uleb128 0x2
 1293 008b 04       		.byte	0x4
 1294 008c 07       		.byte	0x7
 1295 008d A1010000 		.4byte	.LASF11
 1296 0091 07       		.uleb128 0x7
 1297 0092 6E000000 		.4byte	0x6e
 1298 0096 08       		.uleb128 0x8
 1299 0097 40010000 		.4byte	.LASF12
 1300 009b 03       		.byte	0x3
 1301 009c 1F       		.byte	0x1f
 1302 009d A7000000 		.4byte	0xa7
 1303 00a1 05       		.uleb128 0x5
 1304 00a2 03       		.byte	0x3
 1305 00a3 00000000 		.4byte	cy_meta_configecc
 1306 00a7 07       		.uleb128 0x7
 1307 00a8 79000000 		.4byte	0x79
ARM GAS  C:\Users\gerwi\AppData\Local\Temp\ccaFXlyk.s 			page 24


 1308 00ac 05       		.uleb128 0x5
 1309 00ad 91000000 		.4byte	0x91
 1310 00b1 BC000000 		.4byte	0xbc
 1311 00b5 09       		.uleb128 0x9
 1312 00b6 8A000000 		.4byte	0x8a
 1313 00ba 03       		.byte	0x3
 1314 00bb 00       		.byte	0
 1315 00bc 08       		.uleb128 0x8
 1316 00bd 30010000 		.4byte	.LASF13
 1317 00c1 03       		.byte	0x3
 1318 00c2 BC       		.byte	0xbc
 1319 00c3 CD000000 		.4byte	0xcd
 1320 00c7 05       		.uleb128 0x5
 1321 00c8 03       		.byte	0x3
 1322 00c9 00000000 		.4byte	cy_meta_custnvl
 1323 00cd 07       		.uleb128 0x7
 1324 00ce AC000000 		.4byte	0xac
 1325 00d2 08       		.uleb128 0x8
 1326 00d3 93010000 		.4byte	.LASF14
 1327 00d7 03       		.byte	0x3
 1328 00d8 CA       		.byte	0xca
 1329 00d9 E3000000 		.4byte	0xe3
 1330 00dd 05       		.uleb128 0x5
 1331 00de 03       		.byte	0x3
 1332 00df 00000000 		.4byte	cy_meta_wonvl
 1333 00e3 07       		.uleb128 0x7
 1334 00e4 AC000000 		.4byte	0xac
 1335 00e8 05       		.uleb128 0x5
 1336 00e9 91000000 		.4byte	0x91
 1337 00ed F8000000 		.4byte	0xf8
 1338 00f1 09       		.uleb128 0x9
 1339 00f2 8A000000 		.4byte	0x8a
 1340 00f6 FF       		.byte	0xff
 1341 00f7 00       		.byte	0
 1342 00f8 08       		.uleb128 0x8
 1343 00f9 7E010000 		.4byte	.LASF15
 1344 00fd 03       		.byte	0x3
 1345 00fe D8       		.byte	0xd8
 1346 00ff 09010000 		.4byte	0x109
 1347 0103 05       		.uleb128 0x5
 1348 0104 03       		.byte	0x3
 1349 0105 00000000 		.4byte	cy_meta_flashprotect
 1350 0109 07       		.uleb128 0x7
 1351 010a E8000000 		.4byte	0xe8
 1352 010e 05       		.uleb128 0x5
 1353 010f 91000000 		.4byte	0x91
 1354 0113 1E010000 		.4byte	0x11e
 1355 0117 09       		.uleb128 0x9
 1356 0118 8A000000 		.4byte	0x8a
 1357 011c 0B       		.byte	0xb
 1358 011d 00       		.byte	0
 1359 011e 0A       		.uleb128 0xa
 1360 011f F1000000 		.4byte	.LASF16
 1361 0123 03       		.byte	0x3
 1362 0124 0501     		.2byte	0x105
 1363 0126 30010000 		.4byte	0x130
 1364 012a 05       		.uleb128 0x5
ARM GAS  C:\Users\gerwi\AppData\Local\Temp\ccaFXlyk.s 			page 25


 1365 012b 03       		.byte	0x3
 1366 012c 00000000 		.4byte	cy_metadata
 1367 0130 07       		.uleb128 0x7
 1368 0131 0E010000 		.4byte	0x10e
 1369 0135 00       		.byte	0
 1370              		.section	.debug_abbrev,"",%progbits
 1371              	.Ldebug_abbrev0:
 1372 0000 01       		.uleb128 0x1
 1373 0001 11       		.uleb128 0x11
 1374 0002 01       		.byte	0x1
 1375 0003 25       		.uleb128 0x25
 1376 0004 0E       		.uleb128 0xe
 1377 0005 13       		.uleb128 0x13
 1378 0006 0B       		.uleb128 0xb
 1379 0007 03       		.uleb128 0x3
 1380 0008 0E       		.uleb128 0xe
 1381 0009 1B       		.uleb128 0x1b
 1382 000a 0E       		.uleb128 0xe
 1383 000b 10       		.uleb128 0x10
 1384 000c 17       		.uleb128 0x17
 1385 000d 00       		.byte	0
 1386 000e 00       		.byte	0
 1387 000f 02       		.uleb128 0x2
 1388 0010 24       		.uleb128 0x24
 1389 0011 00       		.byte	0
 1390 0012 0B       		.uleb128 0xb
 1391 0013 0B       		.uleb128 0xb
 1392 0014 3E       		.uleb128 0x3e
 1393 0015 0B       		.uleb128 0xb
 1394 0016 03       		.uleb128 0x3
 1395 0017 0E       		.uleb128 0xe
 1396 0018 00       		.byte	0
 1397 0019 00       		.byte	0
 1398 001a 03       		.uleb128 0x3
 1399 001b 16       		.uleb128 0x16
 1400 001c 00       		.byte	0
 1401 001d 03       		.uleb128 0x3
 1402 001e 0E       		.uleb128 0xe
 1403 001f 3A       		.uleb128 0x3a
 1404 0020 0B       		.uleb128 0xb
 1405 0021 3B       		.uleb128 0x3b
 1406 0022 0B       		.uleb128 0xb
 1407 0023 49       		.uleb128 0x49
 1408 0024 13       		.uleb128 0x13
 1409 0025 00       		.byte	0
 1410 0026 00       		.byte	0
 1411 0027 04       		.uleb128 0x4
 1412 0028 24       		.uleb128 0x24
 1413 0029 00       		.byte	0
 1414 002a 0B       		.uleb128 0xb
 1415 002b 0B       		.uleb128 0xb
 1416 002c 3E       		.uleb128 0x3e
 1417 002d 0B       		.uleb128 0xb
 1418 002e 03       		.uleb128 0x3
 1419 002f 08       		.uleb128 0x8
 1420 0030 00       		.byte	0
 1421 0031 00       		.byte	0
ARM GAS  C:\Users\gerwi\AppData\Local\Temp\ccaFXlyk.s 			page 26


 1422 0032 05       		.uleb128 0x5
 1423 0033 01       		.uleb128 0x1
 1424 0034 01       		.byte	0x1
 1425 0035 49       		.uleb128 0x49
 1426 0036 13       		.uleb128 0x13
 1427 0037 01       		.uleb128 0x1
 1428 0038 13       		.uleb128 0x13
 1429 0039 00       		.byte	0
 1430 003a 00       		.byte	0
 1431 003b 06       		.uleb128 0x6
 1432 003c 21       		.uleb128 0x21
 1433 003d 00       		.byte	0
 1434 003e 49       		.uleb128 0x49
 1435 003f 13       		.uleb128 0x13
 1436 0040 2F       		.uleb128 0x2f
 1437 0041 05       		.uleb128 0x5
 1438 0042 00       		.byte	0
 1439 0043 00       		.byte	0
 1440 0044 07       		.uleb128 0x7
 1441 0045 26       		.uleb128 0x26
 1442 0046 00       		.byte	0
 1443 0047 49       		.uleb128 0x49
 1444 0048 13       		.uleb128 0x13
 1445 0049 00       		.byte	0
 1446 004a 00       		.byte	0
 1447 004b 08       		.uleb128 0x8
 1448 004c 34       		.uleb128 0x34
 1449 004d 00       		.byte	0
 1450 004e 03       		.uleb128 0x3
 1451 004f 0E       		.uleb128 0xe
 1452 0050 3A       		.uleb128 0x3a
 1453 0051 0B       		.uleb128 0xb
 1454 0052 3B       		.uleb128 0x3b
 1455 0053 0B       		.uleb128 0xb
 1456 0054 49       		.uleb128 0x49
 1457 0055 13       		.uleb128 0x13
 1458 0056 3F       		.uleb128 0x3f
 1459 0057 19       		.uleb128 0x19
 1460 0058 02       		.uleb128 0x2
 1461 0059 18       		.uleb128 0x18
 1462 005a 00       		.byte	0
 1463 005b 00       		.byte	0
 1464 005c 09       		.uleb128 0x9
 1465 005d 21       		.uleb128 0x21
 1466 005e 00       		.byte	0
 1467 005f 49       		.uleb128 0x49
 1468 0060 13       		.uleb128 0x13
 1469 0061 2F       		.uleb128 0x2f
 1470 0062 0B       		.uleb128 0xb
 1471 0063 00       		.byte	0
 1472 0064 00       		.byte	0
 1473 0065 0A       		.uleb128 0xa
 1474 0066 34       		.uleb128 0x34
 1475 0067 00       		.byte	0
 1476 0068 03       		.uleb128 0x3
 1477 0069 0E       		.uleb128 0xe
 1478 006a 3A       		.uleb128 0x3a
ARM GAS  C:\Users\gerwi\AppData\Local\Temp\ccaFXlyk.s 			page 27


 1479 006b 0B       		.uleb128 0xb
 1480 006c 3B       		.uleb128 0x3b
 1481 006d 05       		.uleb128 0x5
 1482 006e 49       		.uleb128 0x49
 1483 006f 13       		.uleb128 0x13
 1484 0070 3F       		.uleb128 0x3f
 1485 0071 19       		.uleb128 0x19
 1486 0072 02       		.uleb128 0x2
 1487 0073 18       		.uleb128 0x18
 1488 0074 00       		.byte	0
 1489 0075 00       		.byte	0
 1490 0076 00       		.byte	0
 1491              		.section	.debug_aranges,"",%progbits
 1492 0000 14000000 		.4byte	0x14
 1493 0004 0200     		.2byte	0x2
 1494 0006 00000000 		.4byte	.Ldebug_info0
 1495 000a 04       		.byte	0x4
 1496 000b 00       		.byte	0
 1497 000c 0000     		.2byte	0
 1498 000e 0000     		.2byte	0
 1499 0010 00000000 		.4byte	0
 1500 0014 00000000 		.4byte	0
 1501              		.section	.debug_line,"",%progbits
 1502              	.Ldebug_line0:
 1503 0000 3D010000 		.section	.debug_str,"MS",%progbits,1
 1503      02003701 
 1503      00000201 
 1503      FB0E0D00 
 1503      01010101 
 1504              	.LASF9:
 1505 0000 5F5F7569 		.ascii	"__uint8_t\000"
 1505      6E74385F 
 1505      7400
 1506              	.LASF17:
 1507 000a 474E5520 		.ascii	"GNU C11 5.4.1 20160609 (release) [ARM/embedded-5-br"
 1507      43313120 
 1507      352E342E 
 1507      31203230 
 1507      31363036 
 1508 003d 616E6368 		.ascii	"anch revision 237715] -mcpu=cortex-m3 -mthumb -g -O"
 1508      20726576 
 1508      6973696F 
 1508      6E203233 
 1508      37373135 
 1509 0070 30202D66 		.ascii	"0 -ffunction-sections -ffat-lto-objects\000"
 1509      66756E63 
 1509      74696F6E 
 1509      2D736563 
 1509      74696F6E 
 1510              	.LASF19:
 1511 0098 433A5C55 		.ascii	"C:\\Users\\gerwi\\OneDrive\\Documenten\\PSoC Creato"
 1511      73657273 
 1511      5C676572 
 1511      77695C4F 
 1511      6E654472 
 1512 00c6 725C4144 		.ascii	"r\\ADC_SAR_Seq_Example01\\ADC_DMA_UART.cydsn\000"
 1512      435F5341 
ARM GAS  C:\Users\gerwi\AppData\Local\Temp\ccaFXlyk.s 			page 28


 1512      525F5365 
 1512      715F4578 
 1512      616D706C 
 1513              	.LASF16:
 1514 00f1 63795F6D 		.ascii	"cy_metadata\000"
 1514      65746164 
 1514      61746100 
 1515              	.LASF1:
 1516 00fd 756E7369 		.ascii	"unsigned char\000"
 1516      676E6564 
 1516      20636861 
 1516      7200
 1517              	.LASF5:
 1518 010b 6C6F6E67 		.ascii	"long unsigned int\000"
 1518      20756E73 
 1518      69676E65 
 1518      6420696E 
 1518      7400
 1519              	.LASF3:
 1520 011d 73686F72 		.ascii	"short unsigned int\000"
 1520      7420756E 
 1520      7369676E 
 1520      65642069 
 1520      6E7400
 1521              	.LASF13:
 1522 0130 63795F6D 		.ascii	"cy_meta_custnvl\000"
 1522      6574615F 
 1522      63757374 
 1522      6E766C00 
 1523              	.LASF12:
 1524 0140 63795F6D 		.ascii	"cy_meta_configecc\000"
 1524      6574615F 
 1524      636F6E66 
 1524      69676563 
 1524      6300
 1525              	.LASF8:
 1526 0152 756E7369 		.ascii	"unsigned int\000"
 1526      676E6564 
 1526      20696E74 
 1526      00
 1527              	.LASF7:
 1528 015f 6C6F6E67 		.ascii	"long long unsigned int\000"
 1528      206C6F6E 
 1528      6720756E 
 1528      7369676E 
 1528      65642069 
 1529              	.LASF10:
 1530 0176 75696E74 		.ascii	"uint8_t\000"
 1530      385F7400 
 1531              	.LASF15:
 1532 017e 63795F6D 		.ascii	"cy_meta_flashprotect\000"
 1532      6574615F 
 1532      666C6173 
 1532      6870726F 
 1532      74656374 
 1533              	.LASF14:
 1534 0193 63795F6D 		.ascii	"cy_meta_wonvl\000"
ARM GAS  C:\Users\gerwi\AppData\Local\Temp\ccaFXlyk.s 			page 29


 1534      6574615F 
 1534      776F6E76 
 1534      6C00
 1535              	.LASF11:
 1536 01a1 73697A65 		.ascii	"sizetype\000"
 1536      74797065 
 1536      00
 1537              	.LASF6:
 1538 01aa 6C6F6E67 		.ascii	"long long int\000"
 1538      206C6F6E 
 1538      6720696E 
 1538      7400
 1539              	.LASF2:
 1540 01b8 73686F72 		.ascii	"short int\000"
 1540      7420696E 
 1540      7400
 1541              	.LASF4:
 1542 01c2 6C6F6E67 		.ascii	"long int\000"
 1542      20696E74 
 1542      00
 1543              	.LASF0:
 1544 01cb 7369676E 		.ascii	"signed char\000"
 1544      65642063 
 1544      68617200 
 1545              	.LASF18:
 1546 01d7 47656E65 		.ascii	"Generated_Source\\PSoC5\\cymetadata.c\000"
 1546      72617465 
 1546      645F536F 
 1546      75726365 
 1546      5C50536F 
 1547              		.ident	"GCC: (GNU Tools for ARM Embedded Processors) 5.4.1 20160609 (release) [ARM/embedded-5-bran
