ARM GAS  C:\Users\gerwi\AppData\Local\Temp\ccmyVrfH.s 			page 1


   1              		.syntax unified
   2              		.cpu cortex-m3
   3              		.fpu softvfp
   4              		.eabi_attribute 20, 1
   5              		.eabi_attribute 21, 1
   6              		.eabi_attribute 23, 3
   7              		.eabi_attribute 24, 1
   8              		.eabi_attribute 25, 1
   9              		.eabi_attribute 26, 1
  10              		.eabi_attribute 30, 6
  11              		.eabi_attribute 34, 1
  12              		.eabi_attribute 18, 4
  13              		.thumb
  14              		.syntax unified
  15              		.file	"main.c"
  16              		.text
  17              	.Ltext0:
  18              		.cfi_sections	.debug_frame
  19              		.global	adc_dma_array_full
  20              		.bss
  21              		.type	adc_dma_array_full, %object
  22              		.size	adc_dma_array_full, 1
  23              	adc_dma_array_full:
  24 0000 00       		.space	1
  25              		.global	adc_dma_array_bussy
  26              		.data
  27              		.type	adc_dma_array_bussy, %object
  28              		.size	adc_dma_array_bussy, 1
  29              	adc_dma_array_bussy:
  30 0000 01       		.byte	1
  31              		.global	adc_dma_array_1_full
  32              		.bss
  33              		.type	adc_dma_array_1_full, %object
  34              		.size	adc_dma_array_1_full, 1
  35              	adc_dma_array_1_full:
  36 0001 00       		.space	1
  37              		.global	adc_dma_array_1_bussy
  38              		.type	adc_dma_array_1_bussy, %object
  39              		.size	adc_dma_array_1_bussy, 1
  40              	adc_dma_array_1_bussy:
  41 0002 00       		.space	1
  42              		.global	adc_dma_array_2_full
  43              		.type	adc_dma_array_2_full, %object
  44              		.size	adc_dma_array_2_full, 1
  45              	adc_dma_array_2_full:
  46 0003 00       		.space	1
  47              		.global	adc_dma_array_2_bussy
  48              		.type	adc_dma_array_2_bussy, %object
  49              		.size	adc_dma_array_2_bussy, 1
  50              	adc_dma_array_2_bussy:
  51 0004 00       		.space	1
  52              		.comm	result,2,2
  53              		.comm	adc_dma_array,2048,4
  54              		.comm	adc_dma_array_1,2048,4
  55              		.comm	adc_dma_array_2,2048,4
  56              		.global	fault
  57              		.type	fault, %object
ARM GAS  C:\Users\gerwi\AppData\Local\Temp\ccmyVrfH.s 			page 2


  58              		.size	fault, 1
  59              	fault:
  60 0005 00       		.space	1
  61              		.global	counter_flip
  62              		.align	1
  63              		.type	counter_flip, %object
  64              		.size	counter_flip, 2
  65              	counter_flip:
  66 0006 0000     		.space	2
  67              		.comm	DMA_1_Chan,1,1
  68              		.comm	DMA_1_TD,3,4
  69              		.section	.text.DmaDone,"ax",%progbits
  70              		.align	2
  71              		.global	DmaDone
  72              		.thumb
  73              		.thumb_func
  74              		.type	DmaDone, %function
  75              	DmaDone:
  76              	.LFB63:
  77              		.file 1 "main.c"
   1:main.c        **** /* ========================================
   2:main.c        ****  *
   3:main.c        ****  * Copyright YOUR COMPANY, THE YEAR
   4:main.c        ****  * All Rights Reserved
   5:main.c        ****  * UNPUBLISHED, LICENSED SOFTWARE.
   6:main.c        ****  *
   7:main.c        ****  * CONFIDENTIAL AND PROPRIETARY INFORMATION
   8:main.c        ****  * WHICH IS THE PROPERTY OF your company.
   9:main.c        ****  *
  10:main.c        ****  * ========================================
  11:main.c        **** */
  12:main.c        **** #include "project.h"
  13:main.c        **** 
  14:main.c        **** #define BUFFERSIZE 1024
  15:main.c        **** #define SAMPLESIZE  2
  16:main.c        ****  /* Defines for DMA_1 */
  17:main.c        **** #define DMA_1_BYTES_PER_BURST SAMPLESIZE
  18:main.c        **** #define DMA_1_REQUEST_PER_BURST 1
  19:main.c        **** #define DMA_1_SRC_BASE (CYDEV_PERIPH_BASE)
  20:main.c        **** #define DMA_1_DST_BASE (CYDEV_SRAM_BASE)
  21:main.c        **** 
  22:main.c        **** //#define USEUART
  23:main.c        **** 
  24:main.c        **** 
  25:main.c        **** volatile uint8 adc_dma_array_full = 0;
  26:main.c        **** volatile uint8 adc_dma_array_bussy = 1;
  27:main.c        **** volatile uint8 adc_dma_array_1_full = 0;
  28:main.c        **** volatile uint8 adc_dma_array_1_bussy = 0;
  29:main.c        **** volatile uint8 adc_dma_array_2_full = 0;
  30:main.c        **** volatile uint8 adc_dma_array_2_bussy = 0;
  31:main.c        **** 
  32:main.c        **** uint16 result;
  33:main.c        **** uint16 adc_dma_array[BUFFERSIZE];
  34:main.c        **** uint16 adc_dma_array_1[BUFFERSIZE];
  35:main.c        **** uint16 adc_dma_array_2[BUFFERSIZE];
  36:main.c        **** 
  37:main.c        **** volatile uint8 fault = 0;
ARM GAS  C:\Users\gerwi\AppData\Local\Temp\ccmyVrfH.s 			page 3


  38:main.c        **** 
  39:main.c        **** volatile uint16 counter_flip = 0;
  40:main.c        **** 
  41:main.c        **** uint8 DMA_1_Chan;
  42:main.c        **** uint8 DMA_1_TD[3];
  43:main.c        **** 
  44:main.c        **** CY_ISR(DmaDone)
  45:main.c        **** {
  78              		.loc 1 45 0
  79              		.cfi_startproc
  80              		@ args = 0, pretend = 0, frame = 0
  81              		@ frame_needed = 1, uses_anonymous_args = 0
  82              		@ link register save eliminated.
  83 0000 80B4     		push	{r7}
  84              		.cfi_def_cfa_offset 4
  85              		.cfi_offset 7, -4
  86 0002 00AF     		add	r7, sp, #0
  87              		.cfi_def_cfa_register 7
  46:main.c        ****     if((adc_dma_array_full == 1) & (adc_dma_array_1_full == 1) & (adc_dma_array_2_full == 1)) {
  88              		.loc 1 46 0
  89 0004 284B     		ldr	r3, .L7
  90 0006 1B78     		ldrb	r3, [r3]
  91 0008 DBB2     		uxtb	r3, r3
  92 000a 012B     		cmp	r3, #1
  93 000c 0CBF     		ite	eq
  94 000e 0123     		moveq	r3, #1
  95 0010 0023     		movne	r3, #0
  96 0012 DAB2     		uxtb	r2, r3
  97 0014 254B     		ldr	r3, .L7+4
  98 0016 1B78     		ldrb	r3, [r3]
  99 0018 DBB2     		uxtb	r3, r3
 100 001a 012B     		cmp	r3, #1
 101 001c 0CBF     		ite	eq
 102 001e 0123     		moveq	r3, #1
 103 0020 0023     		movne	r3, #0
 104 0022 DBB2     		uxtb	r3, r3
 105 0024 1340     		ands	r3, r3, r2
 106 0026 DBB2     		uxtb	r3, r3
 107 0028 1A46     		mov	r2, r3
 108 002a 214B     		ldr	r3, .L7+8
 109 002c 1B78     		ldrb	r3, [r3]
 110 002e DBB2     		uxtb	r3, r3
 111 0030 012B     		cmp	r3, #1
 112 0032 0CBF     		ite	eq
 113 0034 0123     		moveq	r3, #1
 114 0036 0023     		movne	r3, #0
 115 0038 DBB2     		uxtb	r3, r3
 116 003a 1340     		ands	r3, r3, r2
 117 003c 002B     		cmp	r3, #0
 118 003e 03D0     		beq	.L2
  47:main.c        ****         fault = 1;
 119              		.loc 1 47 0
 120 0040 1C4B     		ldr	r3, .L7+12
 121 0042 0122     		movs	r2, #1
 122 0044 1A70     		strb	r2, [r3]
  48:main.c        ****     } else if(adc_dma_array_bussy == 1) {
  49:main.c        ****         adc_dma_array_full = 1;       
ARM GAS  C:\Users\gerwi\AppData\Local\Temp\ccmyVrfH.s 			page 4


  50:main.c        ****         adc_dma_array_bussy = 0;
  51:main.c        ****         adc_dma_array_1_bussy = 1;
  52:main.c        ****     } else if(adc_dma_array_1_bussy == 1) {
  53:main.c        ****         adc_dma_array_1_full = 1;
  54:main.c        ****         adc_dma_array_1_bussy = 0;
  55:main.c        ****         adc_dma_array_2_bussy = 1;
  56:main.c        ****     } else if(adc_dma_array_2_bussy == 1) {
  57:main.c        ****         adc_dma_array_2_full = 1;
  58:main.c        ****         adc_dma_array_2_bussy = 0;
  59:main.c        ****         adc_dma_array_bussy = 1;
  60:main.c        ****     }
  61:main.c        **** }
 123              		.loc 1 61 0
 124 0046 2BE0     		b	.L6
 125              	.L2:
  48:main.c        ****     } else if(adc_dma_array_bussy == 1) {
 126              		.loc 1 48 0
 127 0048 1B4B     		ldr	r3, .L7+16
 128 004a 1B78     		ldrb	r3, [r3]
 129 004c DBB2     		uxtb	r3, r3
 130 004e 012B     		cmp	r3, #1
 131 0050 09D1     		bne	.L4
  49:main.c        ****         adc_dma_array_bussy = 0;
 132              		.loc 1 49 0
 133 0052 154B     		ldr	r3, .L7
 134 0054 0122     		movs	r2, #1
 135 0056 1A70     		strb	r2, [r3]
  50:main.c        ****         adc_dma_array_1_bussy = 1;
 136              		.loc 1 50 0
 137 0058 174B     		ldr	r3, .L7+16
 138 005a 0022     		movs	r2, #0
 139 005c 1A70     		strb	r2, [r3]
  51:main.c        ****     } else if(adc_dma_array_1_bussy == 1) {
 140              		.loc 1 51 0
 141 005e 174B     		ldr	r3, .L7+20
 142 0060 0122     		movs	r2, #1
 143 0062 1A70     		strb	r2, [r3]
 144              		.loc 1 61 0
 145 0064 1CE0     		b	.L6
 146              	.L4:
  52:main.c        ****         adc_dma_array_1_full = 1;
 147              		.loc 1 52 0
 148 0066 154B     		ldr	r3, .L7+20
 149 0068 1B78     		ldrb	r3, [r3]
 150 006a DBB2     		uxtb	r3, r3
 151 006c 012B     		cmp	r3, #1
 152 006e 09D1     		bne	.L5
  53:main.c        ****         adc_dma_array_1_bussy = 0;
 153              		.loc 1 53 0
 154 0070 0E4B     		ldr	r3, .L7+4
 155 0072 0122     		movs	r2, #1
 156 0074 1A70     		strb	r2, [r3]
  54:main.c        ****         adc_dma_array_2_bussy = 1;
 157              		.loc 1 54 0
 158 0076 114B     		ldr	r3, .L7+20
 159 0078 0022     		movs	r2, #0
 160 007a 1A70     		strb	r2, [r3]
ARM GAS  C:\Users\gerwi\AppData\Local\Temp\ccmyVrfH.s 			page 5


  55:main.c        ****     } else if(adc_dma_array_2_bussy == 1) {
 161              		.loc 1 55 0
 162 007c 104B     		ldr	r3, .L7+24
 163 007e 0122     		movs	r2, #1
 164 0080 1A70     		strb	r2, [r3]
 165              		.loc 1 61 0
 166 0082 0DE0     		b	.L6
 167              	.L5:
  56:main.c        ****         adc_dma_array_2_full = 1;
 168              		.loc 1 56 0
 169 0084 0E4B     		ldr	r3, .L7+24
 170 0086 1B78     		ldrb	r3, [r3]
 171 0088 DBB2     		uxtb	r3, r3
 172 008a 012B     		cmp	r3, #1
 173 008c 08D1     		bne	.L6
  57:main.c        ****         adc_dma_array_2_bussy = 0;
 174              		.loc 1 57 0
 175 008e 084B     		ldr	r3, .L7+8
 176 0090 0122     		movs	r2, #1
 177 0092 1A70     		strb	r2, [r3]
  58:main.c        ****         adc_dma_array_bussy = 1;
 178              		.loc 1 58 0
 179 0094 0A4B     		ldr	r3, .L7+24
 180 0096 0022     		movs	r2, #0
 181 0098 1A70     		strb	r2, [r3]
  59:main.c        ****     }
 182              		.loc 1 59 0
 183 009a 074B     		ldr	r3, .L7+16
 184 009c 0122     		movs	r2, #1
 185 009e 1A70     		strb	r2, [r3]
 186              	.L6:
 187              		.loc 1 61 0
 188 00a0 00BF     		nop
 189 00a2 BD46     		mov	sp, r7
 190              		.cfi_def_cfa_register 13
 191              		@ sp needed
 192 00a4 80BC     		pop	{r7}
 193              		.cfi_restore 7
 194              		.cfi_def_cfa_offset 0
 195 00a6 7047     		bx	lr
 196              	.L8:
 197              		.align	2
 198              	.L7:
 199 00a8 00000000 		.word	adc_dma_array_full
 200 00ac 00000000 		.word	adc_dma_array_1_full
 201 00b0 00000000 		.word	adc_dma_array_2_full
 202 00b4 00000000 		.word	fault
 203 00b8 00000000 		.word	adc_dma_array_bussy
 204 00bc 00000000 		.word	adc_dma_array_1_bussy
 205 00c0 00000000 		.word	adc_dma_array_2_bussy
 206              		.cfi_endproc
 207              	.LFE63:
 208              		.size	DmaDone, .-DmaDone
 209              		.section	.text.Timer_ISR,"ax",%progbits
 210              		.align	2
 211              		.global	Timer_ISR
 212              		.thumb
ARM GAS  C:\Users\gerwi\AppData\Local\Temp\ccmyVrfH.s 			page 6


 213              		.thumb_func
 214              		.type	Timer_ISR, %function
 215              	Timer_ISR:
 216              	.LFB64:
  62:main.c        **** 
  63:main.c        **** CY_ISR(Timer_ISR)
  64:main.c        **** {
 217              		.loc 1 64 0
 218              		.cfi_startproc
 219              		@ args = 0, pretend = 0, frame = 0
 220              		@ frame_needed = 1, uses_anonymous_args = 0
 221              		@ link register save eliminated.
 222 0000 80B4     		push	{r7}
 223              		.cfi_def_cfa_offset 4
 224              		.cfi_offset 7, -4
 225 0002 00AF     		add	r7, sp, #0
 226              		.cfi_def_cfa_register 7
  65:main.c        ****     counter_flip++;
 227              		.loc 1 65 0
 228 0004 054B     		ldr	r3, .L10
 229 0006 1B88     		ldrh	r3, [r3]	@ movhi
 230 0008 9BB2     		uxth	r3, r3
 231 000a 0133     		adds	r3, r3, #1
 232 000c 9AB2     		uxth	r2, r3
 233 000e 034B     		ldr	r3, .L10
 234 0010 1A80     		strh	r2, [r3]	@ movhi
  66:main.c        **** }
 235              		.loc 1 66 0
 236 0012 00BF     		nop
 237 0014 BD46     		mov	sp, r7
 238              		.cfi_def_cfa_register 13
 239              		@ sp needed
 240 0016 80BC     		pop	{r7}
 241              		.cfi_restore 7
 242              		.cfi_def_cfa_offset 0
 243 0018 7047     		bx	lr
 244              	.L11:
 245 001a 00BF     		.align	2
 246              	.L10:
 247 001c 00000000 		.word	counter_flip
 248              		.cfi_endproc
 249              	.LFE64:
 250              		.size	Timer_ISR, .-Timer_ISR
 251              		.section	.text.timeout,"ax",%progbits
 252              		.align	2
 253              		.global	timeout
 254              		.thumb
 255              		.thumb_func
 256              		.type	timeout, %function
 257              	timeout:
 258              	.LFB65:
  67:main.c        **** 
  68:main.c        **** uint8 timeout(uint8 ms) {
 259              		.loc 1 68 0
 260              		.cfi_startproc
 261              		@ args = 0, pretend = 0, frame = 16
 262              		@ frame_needed = 1, uses_anonymous_args = 0
ARM GAS  C:\Users\gerwi\AppData\Local\Temp\ccmyVrfH.s 			page 7


 263 0000 80B5     		push	{r7, lr}
 264              		.cfi_def_cfa_offset 8
 265              		.cfi_offset 7, -8
 266              		.cfi_offset 14, -4
 267 0002 84B0     		sub	sp, sp, #16
 268              		.cfi_def_cfa_offset 24
 269 0004 00AF     		add	r7, sp, #0
 270              		.cfi_def_cfa_register 7
 271 0006 0346     		mov	r3, r0
 272 0008 FB71     		strb	r3, [r7, #7]
  69:main.c        ****     uint8 timeout = 0;
 273              		.loc 1 69 0
 274 000a 0023     		movs	r3, #0
 275 000c FB73     		strb	r3, [r7, #15]
  70:main.c        ****     while(USBFS_1_GetEPState(1) != USBFS_1_IN_BUFFER_EMPTY) { // Wait until our IN EP is empty
 276              		.loc 1 70 0
 277 000e 0EE0     		b	.L13
 278              	.L15:
  71:main.c        ****                 CyDelayUs(10); // wait 0.01 ms
 279              		.loc 1 71 0
 280 0010 0A20     		movs	r0, #10
 281 0012 FFF7FEFF 		bl	CyDelayUs
  72:main.c        ****                 timeout++;
 282              		.loc 1 72 0
 283 0016 FB7B     		ldrb	r3, [r7, #15]	@ zero_extendqisi2
 284 0018 0133     		adds	r3, r3, #1
 285 001a FB73     		strb	r3, [r7, #15]
  73:main.c        ****                 if(timeout > ms*100) // Max wait ms before timeout
 286              		.loc 1 73 0
 287 001c FA7B     		ldrb	r2, [r7, #15]	@ zero_extendqisi2
 288 001e FB79     		ldrb	r3, [r7, #7]	@ zero_extendqisi2
 289 0020 6421     		movs	r1, #100
 290 0022 01FB03F3 		mul	r3, r1, r3
 291 0026 9A42     		cmp	r2, r3
 292 0028 01DD     		ble	.L13
  74:main.c        ****                     return 1;
 293              		.loc 1 74 0
 294 002a 0123     		movs	r3, #1
 295 002c 06E0     		b	.L14
 296              	.L13:
  70:main.c        ****                 CyDelayUs(10); // wait 0.01 ms
 297              		.loc 1 70 0
 298 002e 0120     		movs	r0, #1
 299 0030 FFF7FEFF 		bl	USBFS_1_GetEPState
 300 0034 0346     		mov	r3, r0
 301 0036 012B     		cmp	r3, #1
 302 0038 EAD1     		bne	.L15
  75:main.c        ****             }
  76:main.c        ****     return 0;
 303              		.loc 1 76 0
 304 003a 0023     		movs	r3, #0
 305              	.L14:
  77:main.c        **** }
 306              		.loc 1 77 0
 307 003c 1846     		mov	r0, r3
 308 003e 1037     		adds	r7, r7, #16
 309              		.cfi_def_cfa_offset 8
ARM GAS  C:\Users\gerwi\AppData\Local\Temp\ccmyVrfH.s 			page 8


 310 0040 BD46     		mov	sp, r7
 311              		.cfi_def_cfa_register 13
 312              		@ sp needed
 313 0042 80BD     		pop	{r7, pc}
 314              		.cfi_endproc
 315              	.LFE65:
 316              		.size	timeout, .-timeout
 317              		.section	.text.sendData,"ax",%progbits
 318              		.align	2
 319              		.global	sendData
 320              		.thumb
 321              		.thumb_func
 322              		.type	sendData, %function
 323              	sendData:
 324              	.LFB66:
  78:main.c        **** 
  79:main.c        **** void sendData(uint16 *data) {
 325              		.loc 1 79 0
 326              		.cfi_startproc
 327              		@ args = 0, pretend = 0, frame = 16
 328              		@ frame_needed = 1, uses_anonymous_args = 0
 329 0000 80B5     		push	{r7, lr}
 330              		.cfi_def_cfa_offset 8
 331              		.cfi_offset 7, -8
 332              		.cfi_offset 14, -4
 333 0002 84B0     		sub	sp, sp, #16
 334              		.cfi_def_cfa_offset 24
 335 0004 00AF     		add	r7, sp, #0
 336              		.cfi_def_cfa_register 7
 337 0006 7860     		str	r0, [r7, #4]
  80:main.c        ****     #ifdef USEUART
  81:main.c        ****         uint8 hibyte;
  82:main.c        ****         uint8 lowbyte;
  83:main.c        ****         uint16 i = 0;
  84:main.c        **** 
  85:main.c        ****         // Calculate amount of samples that are being send
  86:main.c        ****         uint16 bytesToSend = BUFFERSIZE;
  87:main.c        ****         // Send sync bytes
  88:main.c        ****         UART_1_WriteTxData(0xFF);
  89:main.c        ****         UART_1_WriteTxData(0xFF);
  90:main.c        ****         // Send number of bytes to send
  91:main.c        ****         hibyte = (bytesToSend>>8) & 0x0F;
  92:main.c        ****         lowbyte = bytesToSend;
  93:main.c        ****         UART_1_WriteTxData(hibyte);
  94:main.c        ****         UART_1_WriteTxData(lowbyte);
  95:main.c        ****         
  96:main.c        ****         for(; i < BUFFERSIZE; i++) {
  97:main.c        ****             hibyte = (data[i]>>8) & 0x0F;
  98:main.c        ****             lowbyte = data[i];
  99:main.c        ****             
 100:main.c        ****             UART_1_PutChar(hibyte);
 101:main.c        ****             UART_1_PutChar(lowbyte);
 102:main.c        ****             
 103:main.c        ****             //UART_1_WriteTxData(hibyte);
 104:main.c        ****             //UART_1_WriteTxData(lowbyte);
 105:main.c        ****         }
 106:main.c        ****     #else
ARM GAS  C:\Users\gerwi\AppData\Local\Temp\ccmyVrfH.s 			page 9


 107:main.c        ****         if(timeout(1) == 1) // If in buffer not empty, skip
 338              		.loc 1 107 0
 339 0008 0120     		movs	r0, #1
 340 000a FFF7FEFF 		bl	timeout
 341 000e 0346     		mov	r3, r0
 342 0010 012B     		cmp	r3, #1
 343 0012 2ED0     		beq	.L24
 344              	.LBB2:
 108:main.c        ****             return;
 109:main.c        ****         // TODO in python script always ignore first packet?
 110:main.c        ****         for(uint16 i=0; i<BUFFERSIZE; i+=32) {
 345              		.loc 1 110 0
 346 0014 0023     		movs	r3, #0
 347 0016 FB81     		strh	r3, [r7, #14]	@ movhi
 348 0018 26E0     		b	.L19
 349              	.L23:
 111:main.c        ****             if(timeout(2) == 1)
 350              		.loc 1 111 0
 351 001a 0220     		movs	r0, #2
 352 001c FFF7FEFF 		bl	timeout
 353 0020 0346     		mov	r3, r0
 354 0022 012B     		cmp	r3, #1
 355 0024 27D0     		beq	.L25
 112:main.c        ****                 return;
 113:main.c        ****             if((i+32) > BUFFERSIZE) {
 356              		.loc 1 113 0
 357 0026 FB89     		ldrh	r3, [r7, #14]
 358 0028 2033     		adds	r3, r3, #32
 359 002a B3F5806F 		cmp	r3, #1024
 360 002e 0FDD     		ble	.L21
 361              	.LBB3:
 114:main.c        ****                 uint16 l = BUFFERSIZE-i;
 362              		.loc 1 114 0
 363 0030 FB89     		ldrh	r3, [r7, #14]	@ movhi
 364 0032 C3F58063 		rsb	r3, r3, #1024
 365 0036 BB81     		strh	r3, [r7, #12]	@ movhi
 115:main.c        ****                 USBFS_1_LoadInEP(1, data+i, l*2);
 366              		.loc 1 115 0
 367 0038 FB89     		ldrh	r3, [r7, #14]
 368 003a 5B00     		lsls	r3, r3, #1
 369 003c 7A68     		ldr	r2, [r7, #4]
 370 003e D118     		adds	r1, r2, r3
 371 0040 BB89     		ldrh	r3, [r7, #12]	@ movhi
 372 0042 5B00     		lsls	r3, r3, #1
 373 0044 9BB2     		uxth	r3, r3
 374 0046 1A46     		mov	r2, r3
 375 0048 0120     		movs	r0, #1
 376 004a FFF7FEFF 		bl	USBFS_1_LoadInEP
 377              	.LBE3:
 378 004e 08E0     		b	.L22
 379              	.L21:
 116:main.c        ****             }
 117:main.c        ****             else
 118:main.c        ****                 USBFS_1_LoadInEP(1, data+i, 64);
 380              		.loc 1 118 0
 381 0050 FB89     		ldrh	r3, [r7, #14]
 382 0052 5B00     		lsls	r3, r3, #1
ARM GAS  C:\Users\gerwi\AppData\Local\Temp\ccmyVrfH.s 			page 10


 383 0054 7A68     		ldr	r2, [r7, #4]
 384 0056 1344     		add	r3, r3, r2
 385 0058 4022     		movs	r2, #64
 386 005a 1946     		mov	r1, r3
 387 005c 0120     		movs	r0, #1
 388 005e FFF7FEFF 		bl	USBFS_1_LoadInEP
 389              	.L22:
 110:main.c        ****             if(timeout(2) == 1)
 390              		.loc 1 110 0 discriminator 2
 391 0062 FB89     		ldrh	r3, [r7, #14]	@ movhi
 392 0064 2033     		adds	r3, r3, #32
 393 0066 FB81     		strh	r3, [r7, #14]	@ movhi
 394              	.L19:
 110:main.c        ****             if(timeout(2) == 1)
 395              		.loc 1 110 0 is_stmt 0 discriminator 1
 396 0068 FB89     		ldrh	r3, [r7, #14]
 397 006a B3F5806F 		cmp	r3, #1024
 398 006e D4D3     		bcc	.L23
 399 0070 02E0     		b	.L16
 400              	.L24:
 401              	.LBE2:
 108:main.c        ****         // TODO in python script always ignore first packet?
 402              		.loc 1 108 0 is_stmt 1
 403 0072 00BF     		nop
 404 0074 00E0     		b	.L16
 405              	.L25:
 406              	.LBB4:
 112:main.c        ****             if((i+32) > BUFFERSIZE) {
 407              		.loc 1 112 0
 408 0076 00BF     		nop
 409              	.L16:
 410              	.LBE4:
 119:main.c        ****         }
 120:main.c        ****     #endif
 121:main.c        **** }
 411              		.loc 1 121 0
 412 0078 1037     		adds	r7, r7, #16
 413              		.cfi_def_cfa_offset 8
 414 007a BD46     		mov	sp, r7
 415              		.cfi_def_cfa_register 13
 416              		@ sp needed
 417 007c 80BD     		pop	{r7, pc}
 418              		.cfi_endproc
 419              	.LFE66:
 420              		.size	sendData, .-sendData
 421 007e 00BF     		.section	.rodata
 422              		.align	2
 423              	.LC0:
 424 0000 416C6C20 		.ascii	"All full\015\012\000"
 424      66756C6C 
 424      0D0A00
 425              		.section	.text.main,"ax",%progbits
 426              		.align	2
 427              		.global	main
 428              		.thumb
 429              		.thumb_func
 430              		.type	main, %function
ARM GAS  C:\Users\gerwi\AppData\Local\Temp\ccmyVrfH.s 			page 11


 431              	main:
 432              	.LFB67:
 122:main.c        **** 
 123:main.c        **** int main(void)
 124:main.c        **** {
 433              		.loc 1 124 0
 434              		.cfi_startproc
 435              		@ args = 0, pretend = 0, frame = 0
 436              		@ frame_needed = 1, uses_anonymous_args = 0
 437 0000 80B5     		push	{r7, lr}
 438              		.cfi_def_cfa_offset 8
 439              		.cfi_offset 7, -8
 440              		.cfi_offset 14, -4
 441 0002 00AF     		add	r7, sp, #0
 442              		.cfi_def_cfa_register 7
 125:main.c        ****     Timer_1_Init();
 443              		.loc 1 125 0
 444 0004 FFF7FEFF 		bl	Timer_1_Init
 126:main.c        ****     isr_timer_StartEx(Timer_ISR);
 445              		.loc 1 126 0
 446 0008 5548     		ldr	r0, .L34
 447 000a FFF7FEFF 		bl	isr_timer_StartEx
 127:main.c        ****     
 128:main.c        ****     UART_1_Start();
 448              		.loc 1 128 0
 449 000e FFF7FEFF 		bl	UART_1_Start
 129:main.c        ****     
 130:main.c        ****     CyGlobalIntEnable; /* Enable global interrupts. */
 450              		.loc 1 130 0
 451              		.syntax unified
 452              	@ 130 "main.c" 1
 453 0012 62B6     		CPSIE   i
 454              	@ 0 "" 2
 131:main.c        ****     
 132:main.c        ****     #ifndef USEUART
 133:main.c        ****         USBFS_1_Start(0, USBFS_1_5V_OPERATION); // Start the USB peripheral
 455              		.loc 1 133 0
 456              		.thumb
 457              		.syntax unified
 458 0014 0121     		movs	r1, #1
 459 0016 0020     		movs	r0, #0
 460 0018 FFF7FEFF 		bl	USBFS_1_Start
 134:main.c        ****         while(!USBFS_1_GetConfiguration()); // Wait until USB is configured
 461              		.loc 1 134 0
 462 001c 00BF     		nop
 463              	.L27:
 464              		.loc 1 134 0 is_stmt 0 discriminator 1
 465 001e FFF7FEFF 		bl	USBFS_1_GetConfiguration
 466 0022 0346     		mov	r3, r0
 467 0024 002B     		cmp	r3, #0
 468 0026 FAD0     		beq	.L27
 135:main.c        ****     #endif
 136:main.c        ****     
 137:main.c        ****     
 138:main.c        ****     /* DMA Configuration for DMA_1 */
 139:main.c        ****     DMA_1_Chan = DMA_1_DmaInitialize(DMA_1_BYTES_PER_BURST, DMA_1_REQUEST_PER_BURST, 
 469              		.loc 1 139 0 is_stmt 1
ARM GAS  C:\Users\gerwi\AppData\Local\Temp\ccmyVrfH.s 			page 12


 470 0028 41F6FF73 		movw	r3, #8191
 471 002c 4FF48042 		mov	r2, #16384
 472 0030 0121     		movs	r1, #1
 473 0032 0220     		movs	r0, #2
 474 0034 FFF7FEFF 		bl	DMA_1_DmaInitialize
 475 0038 0346     		mov	r3, r0
 476 003a 1A46     		mov	r2, r3
 477 003c 494B     		ldr	r3, .L34+4
 478 003e 1A70     		strb	r2, [r3]
 140:main.c        ****         HI16(DMA_1_SRC_BASE), HI16(DMA_1_DST_BASE));
 141:main.c        ****     DMA_1_TD[0] = CyDmaTdAllocate();
 479              		.loc 1 141 0
 480 0040 FFF7FEFF 		bl	CyDmaTdAllocate
 481 0044 0346     		mov	r3, r0
 482 0046 1A46     		mov	r2, r3
 483 0048 474B     		ldr	r3, .L34+8
 484 004a 1A70     		strb	r2, [r3]
 142:main.c        ****     DMA_1_TD[1] = CyDmaTdAllocate();
 485              		.loc 1 142 0
 486 004c FFF7FEFF 		bl	CyDmaTdAllocate
 487 0050 0346     		mov	r3, r0
 488 0052 1A46     		mov	r2, r3
 489 0054 444B     		ldr	r3, .L34+8
 490 0056 5A70     		strb	r2, [r3, #1]
 143:main.c        ****     DMA_1_TD[2] = CyDmaTdAllocate(); 
 491              		.loc 1 143 0
 492 0058 FFF7FEFF 		bl	CyDmaTdAllocate
 493 005c 0346     		mov	r3, r0
 494 005e 1A46     		mov	r2, r3
 495 0060 414B     		ldr	r3, .L34+8
 496 0062 9A70     		strb	r2, [r3, #2]
 144:main.c        ****     CyDmaTdSetConfiguration(DMA_1_TD[0], BUFFERSIZE * DMA_1_BYTES_PER_BURST, DMA_1_TD[1], DMA_1__TD
 497              		.loc 1 144 0
 498 0064 404B     		ldr	r3, .L34+8
 499 0066 1878     		ldrb	r0, [r3]	@ zero_extendqisi2
 500 0068 3F4B     		ldr	r3, .L34+8
 501 006a 5A78     		ldrb	r2, [r3, #1]	@ zero_extendqisi2
 502 006c 0623     		movs	r3, #6
 503 006e 4FF40061 		mov	r1, #2048
 504 0072 FFF7FEFF 		bl	CyDmaTdSetConfiguration
 145:main.c        ****     CyDmaTdSetConfiguration(DMA_1_TD[1], BUFFERSIZE * DMA_1_BYTES_PER_BURST, DMA_1_TD[2], DMA_1__TD
 505              		.loc 1 145 0
 506 0076 3C4B     		ldr	r3, .L34+8
 507 0078 5878     		ldrb	r0, [r3, #1]	@ zero_extendqisi2
 508 007a 3B4B     		ldr	r3, .L34+8
 509 007c 9A78     		ldrb	r2, [r3, #2]	@ zero_extendqisi2
 510 007e 0623     		movs	r3, #6
 511 0080 4FF40061 		mov	r1, #2048
 512 0084 FFF7FEFF 		bl	CyDmaTdSetConfiguration
 146:main.c        ****     CyDmaTdSetConfiguration(DMA_1_TD[2], BUFFERSIZE * DMA_1_BYTES_PER_BURST, DMA_1_TD[0], DMA_1__TD
 513              		.loc 1 146 0
 514 0088 374B     		ldr	r3, .L34+8
 515 008a 9878     		ldrb	r0, [r3, #2]	@ zero_extendqisi2
 516 008c 364B     		ldr	r3, .L34+8
 517 008e 1A78     		ldrb	r2, [r3]	@ zero_extendqisi2
 518 0090 0623     		movs	r3, #6
 519 0092 4FF40061 		mov	r1, #2048
ARM GAS  C:\Users\gerwi\AppData\Local\Temp\ccmyVrfH.s 			page 13


 520 0096 FFF7FEFF 		bl	CyDmaTdSetConfiguration
 147:main.c        ****     CyDmaTdSetAddress(DMA_1_TD[0], LO16((uint32)ADC_SAR_1_SAR_WRK0_PTR), LO16((uint32)adc_dma_array
 521              		.loc 1 147 0
 522 009a 334B     		ldr	r3, .L34+8
 523 009c 1B78     		ldrb	r3, [r3]	@ zero_extendqisi2
 524 009e 334A     		ldr	r2, .L34+12
 525 00a0 92B2     		uxth	r2, r2
 526 00a2 45F6A031 		movw	r1, #23456
 527 00a6 1846     		mov	r0, r3
 528 00a8 FFF7FEFF 		bl	CyDmaTdSetAddress
 148:main.c        ****     CyDmaTdSetAddress(DMA_1_TD[1], LO16((uint32)ADC_SAR_1_SAR_WRK0_PTR), LO16((uint32)adc_dma_array
 529              		.loc 1 148 0
 530 00ac 2E4B     		ldr	r3, .L34+8
 531 00ae 5B78     		ldrb	r3, [r3, #1]	@ zero_extendqisi2
 532 00b0 2F4A     		ldr	r2, .L34+16
 533 00b2 92B2     		uxth	r2, r2
 534 00b4 45F6A031 		movw	r1, #23456
 535 00b8 1846     		mov	r0, r3
 536 00ba FFF7FEFF 		bl	CyDmaTdSetAddress
 149:main.c        ****     CyDmaTdSetAddress(DMA_1_TD[2], LO16((uint32)ADC_SAR_1_SAR_WRK0_PTR), LO16((uint32)adc_dma_array
 537              		.loc 1 149 0
 538 00be 2A4B     		ldr	r3, .L34+8
 539 00c0 9B78     		ldrb	r3, [r3, #2]	@ zero_extendqisi2
 540 00c2 2C4A     		ldr	r2, .L34+20
 541 00c4 92B2     		uxth	r2, r2
 542 00c6 45F6A031 		movw	r1, #23456
 543 00ca 1846     		mov	r0, r3
 544 00cc FFF7FEFF 		bl	CyDmaTdSetAddress
 150:main.c        ****     CyDmaChSetInitialTd(DMA_1_Chan, DMA_1_TD[0]);
 545              		.loc 1 150 0
 546 00d0 244B     		ldr	r3, .L34+4
 547 00d2 1A78     		ldrb	r2, [r3]	@ zero_extendqisi2
 548 00d4 244B     		ldr	r3, .L34+8
 549 00d6 1B78     		ldrb	r3, [r3]	@ zero_extendqisi2
 550 00d8 1946     		mov	r1, r3
 551 00da 1046     		mov	r0, r2
 552 00dc FFF7FEFF 		bl	CyDmaChSetInitialTd
 151:main.c        ****     CyDmaChEnable(DMA_1_Chan, 1);
 553              		.loc 1 151 0
 554 00e0 204B     		ldr	r3, .L34+4
 555 00e2 1B78     		ldrb	r3, [r3]	@ zero_extendqisi2
 556 00e4 0121     		movs	r1, #1
 557 00e6 1846     		mov	r0, r3
 558 00e8 FFF7FEFF 		bl	CyDmaChEnable
 152:main.c        **** 
 153:main.c        ****     /* Setup the Interrupt connected to the nrq terminal. */
 154:main.c        ****     isr_dma_StartEx(DmaDone);
 559              		.loc 1 154 0
 560 00ec 2248     		ldr	r0, .L34+24
 561 00ee FFF7FEFF 		bl	isr_dma_StartEx
 155:main.c        ****     
 156:main.c        ****     /* Place your initialization/startup code here (e.g. MyInst_Start()) */
 157:main.c        ****     ADC_SAR_1_Start(); // Function calls init function of not done yet and enable the ADC
 562              		.loc 1 157 0
 563 00f2 FFF7FEFF 		bl	ADC_SAR_1_Start
 158:main.c        ****     CyDelay(10); // Fort ADC
 564              		.loc 1 158 0
ARM GAS  C:\Users\gerwi\AppData\Local\Temp\ccmyVrfH.s 			page 14


 565 00f6 0A20     		movs	r0, #10
 566 00f8 FFF7FEFF 		bl	CyDelay
 159:main.c        ****     ADC_SAR_1_StartConvert();
 567              		.loc 1 159 0
 568 00fc FFF7FEFF 		bl	ADC_SAR_1_StartConvert
 569              	.L33:
 160:main.c        ****     //PWM_1_Start();
 161:main.c        ****     while(1)
 162:main.c        ****     {   
 163:main.c        ****         if(fault == 1) {
 570              		.loc 1 163 0
 571 0100 1E4B     		ldr	r3, .L34+28
 572 0102 1B78     		ldrb	r3, [r3]
 573 0104 DBB2     		uxtb	r3, r3
 574 0106 012B     		cmp	r3, #1
 575 0108 07D1     		bne	.L28
 576              	.L29:
 164:main.c        ****             while(1){
 165:main.c        ****                 UART_1_PutString("All full\r\n");
 577              		.loc 1 165 0 discriminator 1
 578 010a 1D48     		ldr	r0, .L34+32
 579 010c FFF7FEFF 		bl	UART_1_PutString
 166:main.c        ****                 CyDelay(1000);
 580              		.loc 1 166 0 discriminator 1
 581 0110 4FF47A70 		mov	r0, #1000
 582 0114 FFF7FEFF 		bl	CyDelay
 167:main.c        ****             }
 583              		.loc 1 167 0 discriminator 1
 584 0118 F7E7     		b	.L29
 585              	.L28:
 168:main.c        ****         }
 169:main.c        ****         if(adc_dma_array_full) {
 586              		.loc 1 169 0
 587 011a 1A4B     		ldr	r3, .L34+36
 588 011c 1B78     		ldrb	r3, [r3]
 589 011e DBB2     		uxtb	r3, r3
 590 0120 002B     		cmp	r3, #0
 591 0122 05D0     		beq	.L30
 170:main.c        ****             sendData(adc_dma_array);
 592              		.loc 1 170 0
 593 0124 1148     		ldr	r0, .L34+12
 594 0126 FFF7FEFF 		bl	sendData
 171:main.c        ****             adc_dma_array_full = 0;
 595              		.loc 1 171 0
 596 012a 164B     		ldr	r3, .L34+36
 597 012c 0022     		movs	r2, #0
 598 012e 1A70     		strb	r2, [r3]
 599              	.L30:
 172:main.c        ****         }
 173:main.c        ****         if(adc_dma_array_1_full) {
 600              		.loc 1 173 0
 601 0130 154B     		ldr	r3, .L34+40
 602 0132 1B78     		ldrb	r3, [r3]
 603 0134 DBB2     		uxtb	r3, r3
 604 0136 002B     		cmp	r3, #0
 605 0138 05D0     		beq	.L31
 174:main.c        ****             sendData(adc_dma_array_1);
ARM GAS  C:\Users\gerwi\AppData\Local\Temp\ccmyVrfH.s 			page 15


 606              		.loc 1 174 0
 607 013a 0D48     		ldr	r0, .L34+16
 608 013c FFF7FEFF 		bl	sendData
 175:main.c        ****             adc_dma_array_1_full = 0;
 609              		.loc 1 175 0
 610 0140 114B     		ldr	r3, .L34+40
 611 0142 0022     		movs	r2, #0
 612 0144 1A70     		strb	r2, [r3]
 613              	.L31:
 176:main.c        ****         }
 177:main.c        ****         if(adc_dma_array_2_full) {
 614              		.loc 1 177 0
 615 0146 114B     		ldr	r3, .L34+44
 616 0148 1B78     		ldrb	r3, [r3]
 617 014a DBB2     		uxtb	r3, r3
 618 014c 002B     		cmp	r3, #0
 619 014e D7D0     		beq	.L33
 178:main.c        ****             sendData(adc_dma_array_2);
 620              		.loc 1 178 0
 621 0150 0848     		ldr	r0, .L34+20
 622 0152 FFF7FEFF 		bl	sendData
 179:main.c        ****             adc_dma_array_2_full = 0;
 623              		.loc 1 179 0
 624 0156 0D4B     		ldr	r3, .L34+44
 625 0158 0022     		movs	r2, #0
 626 015a 1A70     		strb	r2, [r3]
 180:main.c        ****         }
 181:main.c        **** 
 182:main.c        ****         /* Place your application code here. */
 183:main.c        ****         
 184:main.c        ****     }
 627              		.loc 1 184 0
 628 015c D0E7     		b	.L33
 629              	.L35:
 630 015e 00BF     		.align	2
 631              	.L34:
 632 0160 00000000 		.word	Timer_ISR
 633 0164 00000000 		.word	DMA_1_Chan
 634 0168 00000000 		.word	DMA_1_TD
 635 016c 00000000 		.word	adc_dma_array
 636 0170 00000000 		.word	adc_dma_array_1
 637 0174 00000000 		.word	adc_dma_array_2
 638 0178 00000000 		.word	DmaDone
 639 017c 00000000 		.word	fault
 640 0180 00000000 		.word	.LC0
 641 0184 00000000 		.word	adc_dma_array_full
 642 0188 00000000 		.word	adc_dma_array_1_full
 643 018c 00000000 		.word	adc_dma_array_2_full
 644              		.cfi_endproc
 645              	.LFE67:
 646              		.size	main, .-main
 647              		.text
 648              	.Letext0:
 649              		.file 2 "c:\\program files (x86)\\cypress\\psoc creator\\4.2\\psoc creator\\import\\gnu\\arm\\5.4.
 650              		.file 3 "c:\\program files (x86)\\cypress\\psoc creator\\4.2\\psoc creator\\import\\gnu\\arm\\5.4.
 651              		.file 4 "Generated_Source\\PSoC5/cytypes.h"
 652              		.file 5 "Generated_Source\\PSoC5/core_cm3.h"
ARM GAS  C:\Users\gerwi\AppData\Local\Temp\ccmyVrfH.s 			page 16


 653              		.section	.debug_info,"",%progbits
 654              	.Ldebug_info0:
 655 0000 B9020000 		.4byte	0x2b9
 656 0004 0400     		.2byte	0x4
 657 0006 00000000 		.4byte	.Ldebug_abbrev0
 658 000a 04       		.byte	0x4
 659 000b 01       		.uleb128 0x1
 660 000c 49020000 		.4byte	.LASF39
 661 0010 0C       		.byte	0xc
 662 0011 DA010000 		.4byte	.LASF40
 663 0015 48000000 		.4byte	.LASF41
 664 0019 18000000 		.4byte	.Ldebug_ranges0+0x18
 665 001d 00000000 		.4byte	0
 666 0021 00000000 		.4byte	.Ldebug_line0
 667 0025 02       		.uleb128 0x2
 668 0026 01       		.byte	0x1
 669 0027 06       		.byte	0x6
 670 0028 3D020000 		.4byte	.LASF0
 671 002c 02       		.uleb128 0x2
 672 002d 01       		.byte	0x1
 673 002e 08       		.byte	0x8
 674 002f EE000000 		.4byte	.LASF1
 675 0033 02       		.uleb128 0x2
 676 0034 02       		.byte	0x2
 677 0035 05       		.byte	0x5
 678 0036 43010000 		.4byte	.LASF2
 679 003a 02       		.uleb128 0x2
 680 003b 02       		.byte	0x2
 681 003c 07       		.byte	0x7
 682 003d 13010000 		.4byte	.LASF3
 683 0041 03       		.uleb128 0x3
 684 0042 36000000 		.4byte	.LASF9
 685 0046 02       		.byte	0x2
 686 0047 3F       		.byte	0x3f
 687 0048 4C000000 		.4byte	0x4c
 688 004c 02       		.uleb128 0x2
 689 004d 04       		.byte	0x4
 690 004e 05       		.byte	0x5
 691 004f 1F020000 		.4byte	.LASF4
 692 0053 02       		.uleb128 0x2
 693 0054 04       		.byte	0x4
 694 0055 07       		.byte	0x7
 695 0056 01010000 		.4byte	.LASF5
 696 005a 02       		.uleb128 0x2
 697 005b 08       		.byte	0x8
 698 005c 05       		.byte	0x5
 699 005d 00000000 		.4byte	.LASF6
 700 0061 02       		.uleb128 0x2
 701 0062 08       		.byte	0x8
 702 0063 07       		.byte	0x7
 703 0064 6D010000 		.4byte	.LASF7
 704 0068 04       		.uleb128 0x4
 705 0069 04       		.byte	0x4
 706 006a 05       		.byte	0x5
 707 006b 696E7400 		.ascii	"int\000"
 708 006f 02       		.uleb128 0x2
 709 0070 04       		.byte	0x4
ARM GAS  C:\Users\gerwi\AppData\Local\Temp\ccmyVrfH.s 			page 17


 710 0071 07       		.byte	0x7
 711 0072 60010000 		.4byte	.LASF8
 712 0076 03       		.uleb128 0x3
 713 0077 B7000000 		.4byte	.LASF10
 714 007b 03       		.byte	0x3
 715 007c 2C       		.byte	0x2c
 716 007d 41000000 		.4byte	0x41
 717 0081 05       		.uleb128 0x5
 718 0082 13020000 		.4byte	.LASF11
 719 0086 04       		.byte	0x4
 720 0087 E401     		.2byte	0x1e4
 721 0089 2C000000 		.4byte	0x2c
 722 008d 05       		.uleb128 0x5
 723 008e 4D010000 		.4byte	.LASF12
 724 0092 04       		.byte	0x4
 725 0093 E501     		.2byte	0x1e5
 726 0095 3A000000 		.4byte	0x3a
 727 0099 05       		.uleb128 0x5
 728 009a 54010000 		.4byte	.LASF13
 729 009e 04       		.byte	0x4
 730 009f E601     		.2byte	0x1e6
 731 00a1 53000000 		.4byte	0x53
 732 00a5 02       		.uleb128 0x2
 733 00a6 04       		.byte	0x4
 734 00a7 04       		.byte	0x4
 735 00a8 CD000000 		.4byte	.LASF14
 736 00ac 02       		.uleb128 0x2
 737 00ad 08       		.byte	0x8
 738 00ae 04       		.byte	0x4
 739 00af 3C010000 		.4byte	.LASF15
 740 00b3 02       		.uleb128 0x2
 741 00b4 01       		.byte	0x1
 742 00b5 08       		.byte	0x8
 743 00b6 E1010000 		.4byte	.LASF16
 744 00ba 05       		.uleb128 0x5
 745 00bb FC000000 		.4byte	.LASF17
 746 00bf 04       		.byte	0x4
 747 00c0 8E02     		.2byte	0x28e
 748 00c2 C6000000 		.4byte	0xc6
 749 00c6 06       		.uleb128 0x6
 750 00c7 81000000 		.4byte	0x81
 751 00cb 06       		.uleb128 0x6
 752 00cc 8D000000 		.4byte	0x8d
 753 00d0 02       		.uleb128 0x2
 754 00d1 08       		.byte	0x8
 755 00d2 04       		.byte	0x4
 756 00d3 31020000 		.4byte	.LASF18
 757 00d7 02       		.uleb128 0x2
 758 00d8 04       		.byte	0x4
 759 00d9 07       		.byte	0x7
 760 00da A8010000 		.4byte	.LASF19
 761 00de 07       		.uleb128 0x7
 762 00df 40000000 		.4byte	.LASF20
 763 00e3 01       		.byte	0x1
 764 00e4 2C       		.byte	0x2c
 765 00e5 00000000 		.4byte	.LFB63
 766 00e9 C4000000 		.4byte	.LFE63-.LFB63
ARM GAS  C:\Users\gerwi\AppData\Local\Temp\ccmyVrfH.s 			page 18


 767 00ed 01       		.uleb128 0x1
 768 00ee 9C       		.byte	0x9c
 769 00ef 07       		.uleb128 0x7
 770 00f0 9E010000 		.4byte	.LASF21
 771 00f4 01       		.byte	0x1
 772 00f5 3F       		.byte	0x3f
 773 00f6 00000000 		.4byte	.LFB64
 774 00fa 20000000 		.4byte	.LFE64-.LFB64
 775 00fe 01       		.uleb128 0x1
 776 00ff 9C       		.byte	0x9c
 777 0100 08       		.uleb128 0x8
 778 0101 2E000000 		.4byte	.LASF23
 779 0105 01       		.byte	0x1
 780 0106 44       		.byte	0x44
 781 0107 81000000 		.4byte	0x81
 782 010b 00000000 		.4byte	.LFB65
 783 010f 44000000 		.4byte	.LFE65-.LFB65
 784 0113 01       		.uleb128 0x1
 785 0114 9C       		.byte	0x9c
 786 0115 35010000 		.4byte	0x135
 787 0119 09       		.uleb128 0x9
 788 011a 6D7300   		.ascii	"ms\000"
 789 011d 01       		.byte	0x1
 790 011e 44       		.byte	0x44
 791 011f 81000000 		.4byte	0x81
 792 0123 02       		.uleb128 0x2
 793 0124 91       		.byte	0x91
 794 0125 6F       		.sleb128 -17
 795 0126 0A       		.uleb128 0xa
 796 0127 2E000000 		.4byte	.LASF23
 797 012b 01       		.byte	0x1
 798 012c 45       		.byte	0x45
 799 012d 81000000 		.4byte	0x81
 800 0131 02       		.uleb128 0x2
 801 0132 91       		.byte	0x91
 802 0133 77       		.sleb128 -9
 803 0134 00       		.byte	0
 804 0135 0B       		.uleb128 0xb
 805 0136 28020000 		.4byte	.LASF42
 806 013a 01       		.byte	0x1
 807 013b 4F       		.byte	0x4f
 808 013c 00000000 		.4byte	.LFB66
 809 0140 7E000000 		.4byte	.LFE66-.LFB66
 810 0144 01       		.uleb128 0x1
 811 0145 9C       		.byte	0x9c
 812 0146 81010000 		.4byte	0x181
 813 014a 0C       		.uleb128 0xc
 814 014b D3000000 		.4byte	.LASF22
 815 014f 01       		.byte	0x1
 816 0150 4F       		.byte	0x4f
 817 0151 81010000 		.4byte	0x181
 818 0155 02       		.uleb128 0x2
 819 0156 91       		.byte	0x91
 820 0157 6C       		.sleb128 -20
 821 0158 0D       		.uleb128 0xd
 822 0159 00000000 		.4byte	.Ldebug_ranges0+0
 823 015d 0E       		.uleb128 0xe
ARM GAS  C:\Users\gerwi\AppData\Local\Temp\ccmyVrfH.s 			page 19


 824 015e 6900     		.ascii	"i\000"
 825 0160 01       		.byte	0x1
 826 0161 6E       		.byte	0x6e
 827 0162 8D000000 		.4byte	0x8d
 828 0166 02       		.uleb128 0x2
 829 0167 91       		.byte	0x91
 830 0168 76       		.sleb128 -10
 831 0169 0F       		.uleb128 0xf
 832 016a 30000000 		.4byte	.LBB3
 833 016e 1E000000 		.4byte	.LBE3-.LBB3
 834 0172 0E       		.uleb128 0xe
 835 0173 6C00     		.ascii	"l\000"
 836 0175 01       		.byte	0x1
 837 0176 72       		.byte	0x72
 838 0177 8D000000 		.4byte	0x8d
 839 017b 02       		.uleb128 0x2
 840 017c 91       		.byte	0x91
 841 017d 74       		.sleb128 -12
 842 017e 00       		.byte	0
 843 017f 00       		.byte	0
 844 0180 00       		.byte	0
 845 0181 10       		.uleb128 0x10
 846 0182 04       		.byte	0x4
 847 0183 8D000000 		.4byte	0x8d
 848 0187 11       		.uleb128 0x11
 849 0188 5B010000 		.4byte	.LASF43
 850 018c 01       		.byte	0x1
 851 018d 7B       		.byte	0x7b
 852 018e 68000000 		.4byte	0x68
 853 0192 00000000 		.4byte	.LFB67
 854 0196 90010000 		.4byte	.LFE67-.LFB67
 855 019a 01       		.uleb128 0x1
 856 019b 9C       		.byte	0x9c
 857 019c 12       		.uleb128 0x12
 858 019d 2F010000 		.4byte	.LASF24
 859 01a1 05       		.byte	0x5
 860 01a2 1207     		.2byte	0x712
 861 01a4 A8010000 		.4byte	0x1a8
 862 01a8 06       		.uleb128 0x6
 863 01a9 76000000 		.4byte	0x76
 864 01ad 13       		.uleb128 0x13
 865 01ae 8B010000 		.4byte	.LASF25
 866 01b2 01       		.byte	0x1
 867 01b3 19       		.byte	0x19
 868 01b4 C6000000 		.4byte	0xc6
 869 01b8 05       		.uleb128 0x5
 870 01b9 03       		.byte	0x3
 871 01ba 00000000 		.4byte	adc_dma_array_full
 872 01be 13       		.uleb128 0x13
 873 01bf B1010000 		.4byte	.LASF26
 874 01c3 01       		.byte	0x1
 875 01c4 1A       		.byte	0x1a
 876 01c5 C6000000 		.4byte	0xc6
 877 01c9 05       		.uleb128 0x5
 878 01ca 03       		.byte	0x3
 879 01cb 00000000 		.4byte	adc_dma_array_bussy
 880 01cf 13       		.uleb128 0x13
ARM GAS  C:\Users\gerwi\AppData\Local\Temp\ccmyVrfH.s 			page 20


 881 01d0 C5010000 		.4byte	.LASF27
 882 01d4 01       		.byte	0x1
 883 01d5 1B       		.byte	0x1b
 884 01d6 C6000000 		.4byte	0xc6
 885 01da 05       		.uleb128 0x5
 886 01db 03       		.byte	0x3
 887 01dc 00000000 		.4byte	adc_dma_array_1_full
 888 01e0 13       		.uleb128 0x13
 889 01e1 A1000000 		.4byte	.LASF28
 890 01e5 01       		.byte	0x1
 891 01e6 1C       		.byte	0x1c
 892 01e7 C6000000 		.4byte	0xc6
 893 01eb 05       		.uleb128 0x5
 894 01ec 03       		.byte	0x3
 895 01ed 00000000 		.4byte	adc_dma_array_1_bussy
 896 01f1 13       		.uleb128 0x13
 897 01f2 19000000 		.4byte	.LASF29
 898 01f6 01       		.byte	0x1
 899 01f7 1D       		.byte	0x1d
 900 01f8 C6000000 		.4byte	0xc6
 901 01fc 05       		.uleb128 0x5
 902 01fd 03       		.byte	0x3
 903 01fe 00000000 		.4byte	adc_dma_array_2_full
 904 0202 13       		.uleb128 0x13
 905 0203 D8000000 		.4byte	.LASF30
 906 0207 01       		.byte	0x1
 907 0208 1E       		.byte	0x1e
 908 0209 C6000000 		.4byte	0xc6
 909 020d 05       		.uleb128 0x5
 910 020e 03       		.byte	0x3
 911 020f 00000000 		.4byte	adc_dma_array_2_bussy
 912 0213 13       		.uleb128 0x13
 913 0214 84010000 		.4byte	.LASF31
 914 0218 01       		.byte	0x1
 915 0219 20       		.byte	0x20
 916 021a 8D000000 		.4byte	0x8d
 917 021e 05       		.uleb128 0x5
 918 021f 03       		.byte	0x3
 919 0220 00000000 		.4byte	result
 920 0224 14       		.uleb128 0x14
 921 0225 8D000000 		.4byte	0x8d
 922 0229 35020000 		.4byte	0x235
 923 022d 15       		.uleb128 0x15
 924 022e D7000000 		.4byte	0xd7
 925 0232 FF03     		.2byte	0x3ff
 926 0234 00       		.byte	0
 927 0235 13       		.uleb128 0x13
 928 0236 BF000000 		.4byte	.LASF32
 929 023a 01       		.byte	0x1
 930 023b 21       		.byte	0x21
 931 023c 24020000 		.4byte	0x224
 932 0240 05       		.uleb128 0x5
 933 0241 03       		.byte	0x3
 934 0242 00000000 		.4byte	adc_dma_array
 935 0246 13       		.uleb128 0x13
 936 0247 E6010000 		.4byte	.LASF33
 937 024b 01       		.byte	0x1
ARM GAS  C:\Users\gerwi\AppData\Local\Temp\ccmyVrfH.s 			page 21


 938 024c 22       		.byte	0x22
 939 024d 24020000 		.4byte	0x224
 940 0251 05       		.uleb128 0x5
 941 0252 03       		.byte	0x3
 942 0253 00000000 		.4byte	adc_dma_array_1
 943 0257 13       		.uleb128 0x13
 944 0258 F6010000 		.4byte	.LASF34
 945 025c 01       		.byte	0x1
 946 025d 23       		.byte	0x23
 947 025e 24020000 		.4byte	0x224
 948 0262 05       		.uleb128 0x5
 949 0263 03       		.byte	0x3
 950 0264 00000000 		.4byte	adc_dma_array_2
 951 0268 13       		.uleb128 0x13
 952 0269 19020000 		.4byte	.LASF35
 953 026d 01       		.byte	0x1
 954 026e 25       		.byte	0x25
 955 026f C6000000 		.4byte	0xc6
 956 0273 05       		.uleb128 0x5
 957 0274 03       		.byte	0x3
 958 0275 00000000 		.4byte	fault
 959 0279 13       		.uleb128 0x13
 960 027a 06020000 		.4byte	.LASF36
 961 027e 01       		.byte	0x1
 962 027f 27       		.byte	0x27
 963 0280 CB000000 		.4byte	0xcb
 964 0284 05       		.uleb128 0x5
 965 0285 03       		.byte	0x3
 966 0286 00000000 		.4byte	counter_flip
 967 028a 13       		.uleb128 0x13
 968 028b 0E000000 		.4byte	.LASF37
 969 028f 01       		.byte	0x1
 970 0290 29       		.byte	0x29
 971 0291 81000000 		.4byte	0x81
 972 0295 05       		.uleb128 0x5
 973 0296 03       		.byte	0x3
 974 0297 00000000 		.4byte	DMA_1_Chan
 975 029b 14       		.uleb128 0x14
 976 029c 81000000 		.4byte	0x81
 977 02a0 AB020000 		.4byte	0x2ab
 978 02a4 16       		.uleb128 0x16
 979 02a5 D7000000 		.4byte	0xd7
 980 02a9 02       		.byte	0x2
 981 02aa 00       		.byte	0
 982 02ab 13       		.uleb128 0x13
 983 02ac 26010000 		.4byte	.LASF38
 984 02b0 01       		.byte	0x1
 985 02b1 2A       		.byte	0x2a
 986 02b2 9B020000 		.4byte	0x29b
 987 02b6 05       		.uleb128 0x5
 988 02b7 03       		.byte	0x3
 989 02b8 00000000 		.4byte	DMA_1_TD
 990 02bc 00       		.byte	0
 991              		.section	.debug_abbrev,"",%progbits
 992              	.Ldebug_abbrev0:
 993 0000 01       		.uleb128 0x1
 994 0001 11       		.uleb128 0x11
ARM GAS  C:\Users\gerwi\AppData\Local\Temp\ccmyVrfH.s 			page 22


 995 0002 01       		.byte	0x1
 996 0003 25       		.uleb128 0x25
 997 0004 0E       		.uleb128 0xe
 998 0005 13       		.uleb128 0x13
 999 0006 0B       		.uleb128 0xb
 1000 0007 03       		.uleb128 0x3
 1001 0008 0E       		.uleb128 0xe
 1002 0009 1B       		.uleb128 0x1b
 1003 000a 0E       		.uleb128 0xe
 1004 000b 55       		.uleb128 0x55
 1005 000c 17       		.uleb128 0x17
 1006 000d 11       		.uleb128 0x11
 1007 000e 01       		.uleb128 0x1
 1008 000f 10       		.uleb128 0x10
 1009 0010 17       		.uleb128 0x17
 1010 0011 00       		.byte	0
 1011 0012 00       		.byte	0
 1012 0013 02       		.uleb128 0x2
 1013 0014 24       		.uleb128 0x24
 1014 0015 00       		.byte	0
 1015 0016 0B       		.uleb128 0xb
 1016 0017 0B       		.uleb128 0xb
 1017 0018 3E       		.uleb128 0x3e
 1018 0019 0B       		.uleb128 0xb
 1019 001a 03       		.uleb128 0x3
 1020 001b 0E       		.uleb128 0xe
 1021 001c 00       		.byte	0
 1022 001d 00       		.byte	0
 1023 001e 03       		.uleb128 0x3
 1024 001f 16       		.uleb128 0x16
 1025 0020 00       		.byte	0
 1026 0021 03       		.uleb128 0x3
 1027 0022 0E       		.uleb128 0xe
 1028 0023 3A       		.uleb128 0x3a
 1029 0024 0B       		.uleb128 0xb
 1030 0025 3B       		.uleb128 0x3b
 1031 0026 0B       		.uleb128 0xb
 1032 0027 49       		.uleb128 0x49
 1033 0028 13       		.uleb128 0x13
 1034 0029 00       		.byte	0
 1035 002a 00       		.byte	0
 1036 002b 04       		.uleb128 0x4
 1037 002c 24       		.uleb128 0x24
 1038 002d 00       		.byte	0
 1039 002e 0B       		.uleb128 0xb
 1040 002f 0B       		.uleb128 0xb
 1041 0030 3E       		.uleb128 0x3e
 1042 0031 0B       		.uleb128 0xb
 1043 0032 03       		.uleb128 0x3
 1044 0033 08       		.uleb128 0x8
 1045 0034 00       		.byte	0
 1046 0035 00       		.byte	0
 1047 0036 05       		.uleb128 0x5
 1048 0037 16       		.uleb128 0x16
 1049 0038 00       		.byte	0
 1050 0039 03       		.uleb128 0x3
 1051 003a 0E       		.uleb128 0xe
ARM GAS  C:\Users\gerwi\AppData\Local\Temp\ccmyVrfH.s 			page 23


 1052 003b 3A       		.uleb128 0x3a
 1053 003c 0B       		.uleb128 0xb
 1054 003d 3B       		.uleb128 0x3b
 1055 003e 05       		.uleb128 0x5
 1056 003f 49       		.uleb128 0x49
 1057 0040 13       		.uleb128 0x13
 1058 0041 00       		.byte	0
 1059 0042 00       		.byte	0
 1060 0043 06       		.uleb128 0x6
 1061 0044 35       		.uleb128 0x35
 1062 0045 00       		.byte	0
 1063 0046 49       		.uleb128 0x49
 1064 0047 13       		.uleb128 0x13
 1065 0048 00       		.byte	0
 1066 0049 00       		.byte	0
 1067 004a 07       		.uleb128 0x7
 1068 004b 2E       		.uleb128 0x2e
 1069 004c 00       		.byte	0
 1070 004d 3F       		.uleb128 0x3f
 1071 004e 19       		.uleb128 0x19
 1072 004f 03       		.uleb128 0x3
 1073 0050 0E       		.uleb128 0xe
 1074 0051 3A       		.uleb128 0x3a
 1075 0052 0B       		.uleb128 0xb
 1076 0053 3B       		.uleb128 0x3b
 1077 0054 0B       		.uleb128 0xb
 1078 0055 27       		.uleb128 0x27
 1079 0056 19       		.uleb128 0x19
 1080 0057 11       		.uleb128 0x11
 1081 0058 01       		.uleb128 0x1
 1082 0059 12       		.uleb128 0x12
 1083 005a 06       		.uleb128 0x6
 1084 005b 40       		.uleb128 0x40
 1085 005c 18       		.uleb128 0x18
 1086 005d 9742     		.uleb128 0x2117
 1087 005f 19       		.uleb128 0x19
 1088 0060 00       		.byte	0
 1089 0061 00       		.byte	0
 1090 0062 08       		.uleb128 0x8
 1091 0063 2E       		.uleb128 0x2e
 1092 0064 01       		.byte	0x1
 1093 0065 3F       		.uleb128 0x3f
 1094 0066 19       		.uleb128 0x19
 1095 0067 03       		.uleb128 0x3
 1096 0068 0E       		.uleb128 0xe
 1097 0069 3A       		.uleb128 0x3a
 1098 006a 0B       		.uleb128 0xb
 1099 006b 3B       		.uleb128 0x3b
 1100 006c 0B       		.uleb128 0xb
 1101 006d 27       		.uleb128 0x27
 1102 006e 19       		.uleb128 0x19
 1103 006f 49       		.uleb128 0x49
 1104 0070 13       		.uleb128 0x13
 1105 0071 11       		.uleb128 0x11
 1106 0072 01       		.uleb128 0x1
 1107 0073 12       		.uleb128 0x12
 1108 0074 06       		.uleb128 0x6
ARM GAS  C:\Users\gerwi\AppData\Local\Temp\ccmyVrfH.s 			page 24


 1109 0075 40       		.uleb128 0x40
 1110 0076 18       		.uleb128 0x18
 1111 0077 9642     		.uleb128 0x2116
 1112 0079 19       		.uleb128 0x19
 1113 007a 01       		.uleb128 0x1
 1114 007b 13       		.uleb128 0x13
 1115 007c 00       		.byte	0
 1116 007d 00       		.byte	0
 1117 007e 09       		.uleb128 0x9
 1118 007f 05       		.uleb128 0x5
 1119 0080 00       		.byte	0
 1120 0081 03       		.uleb128 0x3
 1121 0082 08       		.uleb128 0x8
 1122 0083 3A       		.uleb128 0x3a
 1123 0084 0B       		.uleb128 0xb
 1124 0085 3B       		.uleb128 0x3b
 1125 0086 0B       		.uleb128 0xb
 1126 0087 49       		.uleb128 0x49
 1127 0088 13       		.uleb128 0x13
 1128 0089 02       		.uleb128 0x2
 1129 008a 18       		.uleb128 0x18
 1130 008b 00       		.byte	0
 1131 008c 00       		.byte	0
 1132 008d 0A       		.uleb128 0xa
 1133 008e 34       		.uleb128 0x34
 1134 008f 00       		.byte	0
 1135 0090 03       		.uleb128 0x3
 1136 0091 0E       		.uleb128 0xe
 1137 0092 3A       		.uleb128 0x3a
 1138 0093 0B       		.uleb128 0xb
 1139 0094 3B       		.uleb128 0x3b
 1140 0095 0B       		.uleb128 0xb
 1141 0096 49       		.uleb128 0x49
 1142 0097 13       		.uleb128 0x13
 1143 0098 02       		.uleb128 0x2
 1144 0099 18       		.uleb128 0x18
 1145 009a 00       		.byte	0
 1146 009b 00       		.byte	0
 1147 009c 0B       		.uleb128 0xb
 1148 009d 2E       		.uleb128 0x2e
 1149 009e 01       		.byte	0x1
 1150 009f 3F       		.uleb128 0x3f
 1151 00a0 19       		.uleb128 0x19
 1152 00a1 03       		.uleb128 0x3
 1153 00a2 0E       		.uleb128 0xe
 1154 00a3 3A       		.uleb128 0x3a
 1155 00a4 0B       		.uleb128 0xb
 1156 00a5 3B       		.uleb128 0x3b
 1157 00a6 0B       		.uleb128 0xb
 1158 00a7 27       		.uleb128 0x27
 1159 00a8 19       		.uleb128 0x19
 1160 00a9 11       		.uleb128 0x11
 1161 00aa 01       		.uleb128 0x1
 1162 00ab 12       		.uleb128 0x12
 1163 00ac 06       		.uleb128 0x6
 1164 00ad 40       		.uleb128 0x40
 1165 00ae 18       		.uleb128 0x18
ARM GAS  C:\Users\gerwi\AppData\Local\Temp\ccmyVrfH.s 			page 25


 1166 00af 9642     		.uleb128 0x2116
 1167 00b1 19       		.uleb128 0x19
 1168 00b2 01       		.uleb128 0x1
 1169 00b3 13       		.uleb128 0x13
 1170 00b4 00       		.byte	0
 1171 00b5 00       		.byte	0
 1172 00b6 0C       		.uleb128 0xc
 1173 00b7 05       		.uleb128 0x5
 1174 00b8 00       		.byte	0
 1175 00b9 03       		.uleb128 0x3
 1176 00ba 0E       		.uleb128 0xe
 1177 00bb 3A       		.uleb128 0x3a
 1178 00bc 0B       		.uleb128 0xb
 1179 00bd 3B       		.uleb128 0x3b
 1180 00be 0B       		.uleb128 0xb
 1181 00bf 49       		.uleb128 0x49
 1182 00c0 13       		.uleb128 0x13
 1183 00c1 02       		.uleb128 0x2
 1184 00c2 18       		.uleb128 0x18
 1185 00c3 00       		.byte	0
 1186 00c4 00       		.byte	0
 1187 00c5 0D       		.uleb128 0xd
 1188 00c6 0B       		.uleb128 0xb
 1189 00c7 01       		.byte	0x1
 1190 00c8 55       		.uleb128 0x55
 1191 00c9 17       		.uleb128 0x17
 1192 00ca 00       		.byte	0
 1193 00cb 00       		.byte	0
 1194 00cc 0E       		.uleb128 0xe
 1195 00cd 34       		.uleb128 0x34
 1196 00ce 00       		.byte	0
 1197 00cf 03       		.uleb128 0x3
 1198 00d0 08       		.uleb128 0x8
 1199 00d1 3A       		.uleb128 0x3a
 1200 00d2 0B       		.uleb128 0xb
 1201 00d3 3B       		.uleb128 0x3b
 1202 00d4 0B       		.uleb128 0xb
 1203 00d5 49       		.uleb128 0x49
 1204 00d6 13       		.uleb128 0x13
 1205 00d7 02       		.uleb128 0x2
 1206 00d8 18       		.uleb128 0x18
 1207 00d9 00       		.byte	0
 1208 00da 00       		.byte	0
 1209 00db 0F       		.uleb128 0xf
 1210 00dc 0B       		.uleb128 0xb
 1211 00dd 01       		.byte	0x1
 1212 00de 11       		.uleb128 0x11
 1213 00df 01       		.uleb128 0x1
 1214 00e0 12       		.uleb128 0x12
 1215 00e1 06       		.uleb128 0x6
 1216 00e2 00       		.byte	0
 1217 00e3 00       		.byte	0
 1218 00e4 10       		.uleb128 0x10
 1219 00e5 0F       		.uleb128 0xf
 1220 00e6 00       		.byte	0
 1221 00e7 0B       		.uleb128 0xb
 1222 00e8 0B       		.uleb128 0xb
ARM GAS  C:\Users\gerwi\AppData\Local\Temp\ccmyVrfH.s 			page 26


 1223 00e9 49       		.uleb128 0x49
 1224 00ea 13       		.uleb128 0x13
 1225 00eb 00       		.byte	0
 1226 00ec 00       		.byte	0
 1227 00ed 11       		.uleb128 0x11
 1228 00ee 2E       		.uleb128 0x2e
 1229 00ef 00       		.byte	0
 1230 00f0 3F       		.uleb128 0x3f
 1231 00f1 19       		.uleb128 0x19
 1232 00f2 03       		.uleb128 0x3
 1233 00f3 0E       		.uleb128 0xe
 1234 00f4 3A       		.uleb128 0x3a
 1235 00f5 0B       		.uleb128 0xb
 1236 00f6 3B       		.uleb128 0x3b
 1237 00f7 0B       		.uleb128 0xb
 1238 00f8 27       		.uleb128 0x27
 1239 00f9 19       		.uleb128 0x19
 1240 00fa 49       		.uleb128 0x49
 1241 00fb 13       		.uleb128 0x13
 1242 00fc 11       		.uleb128 0x11
 1243 00fd 01       		.uleb128 0x1
 1244 00fe 12       		.uleb128 0x12
 1245 00ff 06       		.uleb128 0x6
 1246 0100 40       		.uleb128 0x40
 1247 0101 18       		.uleb128 0x18
 1248 0102 9642     		.uleb128 0x2116
 1249 0104 19       		.uleb128 0x19
 1250 0105 00       		.byte	0
 1251 0106 00       		.byte	0
 1252 0107 12       		.uleb128 0x12
 1253 0108 34       		.uleb128 0x34
 1254 0109 00       		.byte	0
 1255 010a 03       		.uleb128 0x3
 1256 010b 0E       		.uleb128 0xe
 1257 010c 3A       		.uleb128 0x3a
 1258 010d 0B       		.uleb128 0xb
 1259 010e 3B       		.uleb128 0x3b
 1260 010f 05       		.uleb128 0x5
 1261 0110 49       		.uleb128 0x49
 1262 0111 13       		.uleb128 0x13
 1263 0112 3F       		.uleb128 0x3f
 1264 0113 19       		.uleb128 0x19
 1265 0114 3C       		.uleb128 0x3c
 1266 0115 19       		.uleb128 0x19
 1267 0116 00       		.byte	0
 1268 0117 00       		.byte	0
 1269 0118 13       		.uleb128 0x13
 1270 0119 34       		.uleb128 0x34
 1271 011a 00       		.byte	0
 1272 011b 03       		.uleb128 0x3
 1273 011c 0E       		.uleb128 0xe
 1274 011d 3A       		.uleb128 0x3a
 1275 011e 0B       		.uleb128 0xb
 1276 011f 3B       		.uleb128 0x3b
 1277 0120 0B       		.uleb128 0xb
 1278 0121 49       		.uleb128 0x49
 1279 0122 13       		.uleb128 0x13
ARM GAS  C:\Users\gerwi\AppData\Local\Temp\ccmyVrfH.s 			page 27


 1280 0123 3F       		.uleb128 0x3f
 1281 0124 19       		.uleb128 0x19
 1282 0125 02       		.uleb128 0x2
 1283 0126 18       		.uleb128 0x18
 1284 0127 00       		.byte	0
 1285 0128 00       		.byte	0
 1286 0129 14       		.uleb128 0x14
 1287 012a 01       		.uleb128 0x1
 1288 012b 01       		.byte	0x1
 1289 012c 49       		.uleb128 0x49
 1290 012d 13       		.uleb128 0x13
 1291 012e 01       		.uleb128 0x1
 1292 012f 13       		.uleb128 0x13
 1293 0130 00       		.byte	0
 1294 0131 00       		.byte	0
 1295 0132 15       		.uleb128 0x15
 1296 0133 21       		.uleb128 0x21
 1297 0134 00       		.byte	0
 1298 0135 49       		.uleb128 0x49
 1299 0136 13       		.uleb128 0x13
 1300 0137 2F       		.uleb128 0x2f
 1301 0138 05       		.uleb128 0x5
 1302 0139 00       		.byte	0
 1303 013a 00       		.byte	0
 1304 013b 16       		.uleb128 0x16
 1305 013c 21       		.uleb128 0x21
 1306 013d 00       		.byte	0
 1307 013e 49       		.uleb128 0x49
 1308 013f 13       		.uleb128 0x13
 1309 0140 2F       		.uleb128 0x2f
 1310 0141 0B       		.uleb128 0xb
 1311 0142 00       		.byte	0
 1312 0143 00       		.byte	0
 1313 0144 00       		.byte	0
 1314              		.section	.debug_aranges,"",%progbits
 1315 0000 3C000000 		.4byte	0x3c
 1316 0004 0200     		.2byte	0x2
 1317 0006 00000000 		.4byte	.Ldebug_info0
 1318 000a 04       		.byte	0x4
 1319 000b 00       		.byte	0
 1320 000c 0000     		.2byte	0
 1321 000e 0000     		.2byte	0
 1322 0010 00000000 		.4byte	.LFB63
 1323 0014 C4000000 		.4byte	.LFE63-.LFB63
 1324 0018 00000000 		.4byte	.LFB64
 1325 001c 20000000 		.4byte	.LFE64-.LFB64
 1326 0020 00000000 		.4byte	.LFB65
 1327 0024 44000000 		.4byte	.LFE65-.LFB65
 1328 0028 00000000 		.4byte	.LFB66
 1329 002c 7E000000 		.4byte	.LFE66-.LFB66
 1330 0030 00000000 		.4byte	.LFB67
 1331 0034 90010000 		.4byte	.LFE67-.LFB67
 1332 0038 00000000 		.4byte	0
 1333 003c 00000000 		.4byte	0
 1334              		.section	.debug_ranges,"",%progbits
 1335              	.Ldebug_ranges0:
 1336 0000 14000000 		.4byte	.LBB2
ARM GAS  C:\Users\gerwi\AppData\Local\Temp\ccmyVrfH.s 			page 28


 1337 0004 72000000 		.4byte	.LBE2
 1338 0008 76000000 		.4byte	.LBB4
 1339 000c 78000000 		.4byte	.LBE4
 1340 0010 00000000 		.4byte	0
 1341 0014 00000000 		.4byte	0
 1342 0018 00000000 		.4byte	.LFB63
 1343 001c C4000000 		.4byte	.LFE63
 1344 0020 00000000 		.4byte	.LFB64
 1345 0024 20000000 		.4byte	.LFE64
 1346 0028 00000000 		.4byte	.LFB65
 1347 002c 44000000 		.4byte	.LFE65
 1348 0030 00000000 		.4byte	.LFB66
 1349 0034 7E000000 		.4byte	.LFE66
 1350 0038 00000000 		.4byte	.LFB67
 1351 003c 90010000 		.4byte	.LFE67
 1352 0040 00000000 		.4byte	0
 1353 0044 00000000 		.4byte	0
 1354              		.section	.debug_line,"",%progbits
 1355              	.Ldebug_line0:
 1356 0000 19020000 		.section	.debug_str,"MS",%progbits,1
 1356      02004C01 
 1356      00000201 
 1356      FB0E0D00 
 1356      01010101 
 1357              	.LASF6:
 1358 0000 6C6F6E67 		.ascii	"long long int\000"
 1358      206C6F6E 
 1358      6720696E 
 1358      7400
 1359              	.LASF37:
 1360 000e 444D415F 		.ascii	"DMA_1_Chan\000"
 1360      315F4368 
 1360      616E00
 1361              	.LASF29:
 1362 0019 6164635F 		.ascii	"adc_dma_array_2_full\000"
 1362      646D615F 
 1362      61727261 
 1362      795F325F 
 1362      66756C6C 
 1363              	.LASF23:
 1364 002e 74696D65 		.ascii	"timeout\000"
 1364      6F757400 
 1365              	.LASF9:
 1366 0036 5F5F696E 		.ascii	"__int32_t\000"
 1366      7433325F 
 1366      7400
 1367              	.LASF20:
 1368 0040 446D6144 		.ascii	"DmaDone\000"
 1368      6F6E6500 
 1369              	.LASF41:
 1370 0048 433A5C55 		.ascii	"C:\\Users\\gerwi\\OneDrive\\Documenten\\PSoC Creato"
 1370      73657273 
 1370      5C676572 
 1370      77695C4F 
 1370      6E654472 
 1371 0076 725C4144 		.ascii	"r\\ADC_SAR_Seq_Example01\\ADC_DMA_UART.cydsn\000"
 1371      435F5341 
ARM GAS  C:\Users\gerwi\AppData\Local\Temp\ccmyVrfH.s 			page 29


 1371      525F5365 
 1371      715F4578 
 1371      616D706C 
 1372              	.LASF28:
 1373 00a1 6164635F 		.ascii	"adc_dma_array_1_bussy\000"
 1373      646D615F 
 1373      61727261 
 1373      795F315F 
 1373      62757373 
 1374              	.LASF10:
 1375 00b7 696E7433 		.ascii	"int32_t\000"
 1375      325F7400 
 1376              	.LASF32:
 1377 00bf 6164635F 		.ascii	"adc_dma_array\000"
 1377      646D615F 
 1377      61727261 
 1377      7900
 1378              	.LASF14:
 1379 00cd 666C6F61 		.ascii	"float\000"
 1379      7400
 1380              	.LASF22:
 1381 00d3 64617461 		.ascii	"data\000"
 1381      00
 1382              	.LASF30:
 1383 00d8 6164635F 		.ascii	"adc_dma_array_2_bussy\000"
 1383      646D615F 
 1383      61727261 
 1383      795F325F 
 1383      62757373 
 1384              	.LASF1:
 1385 00ee 756E7369 		.ascii	"unsigned char\000"
 1385      676E6564 
 1385      20636861 
 1385      7200
 1386              	.LASF17:
 1387 00fc 72656738 		.ascii	"reg8\000"
 1387      00
 1388              	.LASF5:
 1389 0101 6C6F6E67 		.ascii	"long unsigned int\000"
 1389      20756E73 
 1389      69676E65 
 1389      6420696E 
 1389      7400
 1390              	.LASF3:
 1391 0113 73686F72 		.ascii	"short unsigned int\000"
 1391      7420756E 
 1391      7369676E 
 1391      65642069 
 1391      6E7400
 1392              	.LASF38:
 1393 0126 444D415F 		.ascii	"DMA_1_TD\000"
 1393      315F5444 
 1393      00
 1394              	.LASF24:
 1395 012f 49544D5F 		.ascii	"ITM_RxBuffer\000"
 1395      52784275 
 1395      66666572 
ARM GAS  C:\Users\gerwi\AppData\Local\Temp\ccmyVrfH.s 			page 30


 1395      00
 1396              	.LASF15:
 1397 013c 646F7562 		.ascii	"double\000"
 1397      6C6500
 1398              	.LASF2:
 1399 0143 73686F72 		.ascii	"short int\000"
 1399      7420696E 
 1399      7400
 1400              	.LASF12:
 1401 014d 75696E74 		.ascii	"uint16\000"
 1401      313600
 1402              	.LASF13:
 1403 0154 75696E74 		.ascii	"uint32\000"
 1403      333200
 1404              	.LASF43:
 1405 015b 6D61696E 		.ascii	"main\000"
 1405      00
 1406              	.LASF8:
 1407 0160 756E7369 		.ascii	"unsigned int\000"
 1407      676E6564 
 1407      20696E74 
 1407      00
 1408              	.LASF7:
 1409 016d 6C6F6E67 		.ascii	"long long unsigned int\000"
 1409      206C6F6E 
 1409      6720756E 
 1409      7369676E 
 1409      65642069 
 1410              	.LASF31:
 1411 0184 72657375 		.ascii	"result\000"
 1411      6C7400
 1412              	.LASF25:
 1413 018b 6164635F 		.ascii	"adc_dma_array_full\000"
 1413      646D615F 
 1413      61727261 
 1413      795F6675 
 1413      6C6C00
 1414              	.LASF21:
 1415 019e 54696D65 		.ascii	"Timer_ISR\000"
 1415      725F4953 
 1415      5200
 1416              	.LASF19:
 1417 01a8 73697A65 		.ascii	"sizetype\000"
 1417      74797065 
 1417      00
 1418              	.LASF26:
 1419 01b1 6164635F 		.ascii	"adc_dma_array_bussy\000"
 1419      646D615F 
 1419      61727261 
 1419      795F6275 
 1419      73737900 
 1420              	.LASF27:
 1421 01c5 6164635F 		.ascii	"adc_dma_array_1_full\000"
 1421      646D615F 
 1421      61727261 
 1421      795F315F 
 1421      66756C6C 
ARM GAS  C:\Users\gerwi\AppData\Local\Temp\ccmyVrfH.s 			page 31


 1422              	.LASF40:
 1423 01da 6D61696E 		.ascii	"main.c\000"
 1423      2E6300
 1424              	.LASF16:
 1425 01e1 63686172 		.ascii	"char\000"
 1425      00
 1426              	.LASF33:
 1427 01e6 6164635F 		.ascii	"adc_dma_array_1\000"
 1427      646D615F 
 1427      61727261 
 1427      795F3100 
 1428              	.LASF34:
 1429 01f6 6164635F 		.ascii	"adc_dma_array_2\000"
 1429      646D615F 
 1429      61727261 
 1429      795F3200 
 1430              	.LASF36:
 1431 0206 636F756E 		.ascii	"counter_flip\000"
 1431      7465725F 
 1431      666C6970 
 1431      00
 1432              	.LASF11:
 1433 0213 75696E74 		.ascii	"uint8\000"
 1433      3800
 1434              	.LASF35:
 1435 0219 6661756C 		.ascii	"fault\000"
 1435      7400
 1436              	.LASF4:
 1437 021f 6C6F6E67 		.ascii	"long int\000"
 1437      20696E74 
 1437      00
 1438              	.LASF42:
 1439 0228 73656E64 		.ascii	"sendData\000"
 1439      44617461 
 1439      00
 1440              	.LASF18:
 1441 0231 6C6F6E67 		.ascii	"long double\000"
 1441      20646F75 
 1441      626C6500 
 1442              	.LASF0:
 1443 023d 7369676E 		.ascii	"signed char\000"
 1443      65642063 
 1443      68617200 
 1444              	.LASF39:
 1445 0249 474E5520 		.ascii	"GNU C11 5.4.1 20160609 (release) [ARM/embedded-5-br"
 1445      43313120 
 1445      352E342E 
 1445      31203230 
 1445      31363036 
 1446 027c 616E6368 		.ascii	"anch revision 237715] -mcpu=cortex-m3 -mthumb -g -O"
 1446      20726576 
 1446      6973696F 
 1446      6E203233 
 1446      37373135 
 1447 02af 30202D66 		.ascii	"0 -ffunction-sections -ffat-lto-objects\000"
 1447      66756E63 
 1447      74696F6E 
ARM GAS  C:\Users\gerwi\AppData\Local\Temp\ccmyVrfH.s 			page 32


 1447      2D736563 
 1447      74696F6E 
 1448              		.ident	"GCC: (GNU Tools for ARM Embedded Processors) 5.4.1 20160609 (release) [ARM/embedded-5-bran
