ARM GAS  C:\Users\gerwi\AppData\Local\Temp\ccQFlee5.s 			page 1


   1              		.syntax unified
   2              		.cpu cortex-m3
   3              		.fpu softvfp
   4              		.eabi_attribute 20, 1
   5              		.eabi_attribute 21, 1
   6              		.eabi_attribute 23, 3
   7              		.eabi_attribute 24, 1
   8              		.eabi_attribute 25, 1
   9              		.eabi_attribute 26, 1
  10              		.eabi_attribute 30, 6
  11              		.eabi_attribute 34, 1
  12              		.eabi_attribute 18, 4
  13              		.thumb
  14              		.syntax unified
  15              		.file	"USBFS_1_descr.c"
  16              		.text
  17              	.Ltext0:
  18              		.cfi_sections	.debug_frame
  19              		.global	USBFS_1_DEVICE0_DESCR
  20              		.section	.rodata
  21              		.align	2
  22              		.type	USBFS_1_DEVICE0_DESCR, %object
  23              		.size	USBFS_1_DEVICE0_DESCR, 18
  24              	USBFS_1_DEVICE0_DESCR:
  25 0000 12       		.byte	18
  26 0001 01       		.byte	1
  27 0002 00       		.byte	0
  28 0003 02       		.byte	2
  29 0004 02       		.byte	2
  30 0005 00       		.byte	0
  31 0006 00       		.byte	0
  32 0007 08       		.byte	8
  33 0008 B4       		.byte	-76
  34 0009 04       		.byte	4
  35 000a 85       		.byte	-123
  36 000b 80       		.byte	-128
  37 000c 00       		.byte	0
  38 000d 00       		.byte	0
  39 000e 01       		.byte	1
  40 000f 02       		.byte	2
  41 0010 00       		.byte	0
  42 0011 01       		.byte	1
  43              		.global	USBFS_1_DEVICE0_CONFIGURATION0_DESCR
  44 0012 0000     		.align	2
  45              		.type	USBFS_1_DEVICE0_CONFIGURATION0_DESCR, %object
  46              		.size	USBFS_1_DEVICE0_CONFIGURATION0_DESCR, 25
  47              	USBFS_1_DEVICE0_CONFIGURATION0_DESCR:
  48 0014 09       		.byte	9
  49 0015 02       		.byte	2
  50 0016 19       		.byte	25
  51 0017 00       		.byte	0
  52 0018 01       		.byte	1
  53 0019 01       		.byte	1
  54 001a 03       		.byte	3
  55 001b 80       		.byte	-128
  56 001c 19       		.byte	25
  57 001d 09       		.byte	9
ARM GAS  C:\Users\gerwi\AppData\Local\Temp\ccQFlee5.s 			page 2


  58 001e 04       		.byte	4
  59 001f 00       		.byte	0
  60 0020 00       		.byte	0
  61 0021 01       		.byte	1
  62 0022 FF       		.byte	-1
  63 0023 00       		.byte	0
  64 0024 00       		.byte	0
  65 0025 03       		.byte	3
  66 0026 07       		.byte	7
  67 0027 05       		.byte	5
  68 0028 81       		.byte	-127
  69 0029 02       		.byte	2
  70 002a 40       		.byte	64
  71 002b 00       		.byte	0
  72 002c 00       		.byte	0
  73              		.global	USBFS_1_STRING_DESCRIPTORS
  74 002d 000000   		.align	2
  75              		.type	USBFS_1_STRING_DESCRIPTORS, %object
  76              		.size	USBFS_1_STRING_DESCRIPTORS, 49
  77              	USBFS_1_STRING_DESCRIPTORS:
  78 0030 04       		.byte	4
  79 0031 03       		.byte	3
  80 0032 09       		.byte	9
  81 0033 04       		.byte	4
  82 0034 10       		.byte	16
  83 0035 03       		.byte	3
  84 0036 43       		.byte	67
  85 0037 00       		.byte	0
  86 0038 79       		.byte	121
  87 0039 00       		.byte	0
  88 003a 70       		.byte	112
  89 003b 00       		.byte	0
  90 003c 72       		.byte	114
  91 003d 00       		.byte	0
  92 003e 65       		.byte	101
  93 003f 00       		.byte	0
  94 0040 73       		.byte	115
  95 0041 00       		.byte	0
  96 0042 73       		.byte	115
  97 0043 00       		.byte	0
  98 0044 12       		.byte	18
  99 0045 03       		.byte	3
 100 0046 75       		.byte	117
 101 0047 00       		.byte	0
 102 0048 73       		.byte	115
 103 0049 00       		.byte	0
 104 004a 62       		.byte	98
 105 004b 00       		.byte	0
 106 004c 5F       		.byte	95
 107 004d 00       		.byte	0
 108 004e 65       		.byte	101
 109 004f 00       		.byte	0
 110 0050 63       		.byte	99
 111 0051 00       		.byte	0
 112 0052 68       		.byte	104
 113 0053 00       		.byte	0
 114 0054 6F       		.byte	111
ARM GAS  C:\Users\gerwi\AppData\Local\Temp\ccQFlee5.s 			page 3


 115 0055 00       		.byte	0
 116 0056 0A       		.byte	10
 117 0057 03       		.byte	3
 118 0058 6D       		.byte	109
 119 0059 00       		.byte	0
 120 005a 61       		.byte	97
 121 005b 00       		.byte	0
 122 005c 69       		.byte	105
 123 005d 00       		.byte	0
 124 005e 6E       		.byte	110
 125 005f 00       		.byte	0
 126 0060 00       		.byte	0
 127              		.global	USBFS_1_DEVICE0_CONFIGURATION0_EP_SETTINGS_TABLE
 128 0061 000000   		.align	2
 129              		.type	USBFS_1_DEVICE0_CONFIGURATION0_EP_SETTINGS_TABLE, %object
 130              		.size	USBFS_1_DEVICE0_CONFIGURATION0_EP_SETTINGS_TABLE, 8
 131              	USBFS_1_DEVICE0_CONFIGURATION0_EP_SETTINGS_TABLE:
 132 0064 00       		.byte	0
 133 0065 00       		.byte	0
 134 0066 81       		.byte	-127
 135 0067 02       		.byte	2
 136 0068 4000     		.short	64
 137 006a FF       		.byte	-1
 138 006b 00       		.space	1
 139              		.global	USBFS_1_DEVICE0_CONFIGURATION0_INTERFACE_CLASS
 140              		.align	2
 141              		.type	USBFS_1_DEVICE0_CONFIGURATION0_INTERFACE_CLASS, %object
 142              		.size	USBFS_1_DEVICE0_CONFIGURATION0_INTERFACE_CLASS, 1
 143              	USBFS_1_DEVICE0_CONFIGURATION0_INTERFACE_CLASS:
 144 006c FF       		.byte	-1
 145              		.global	USBFS_1_DEVICE0_CONFIGURATION0_TABLE
 146 006d 000000   		.align	2
 147              		.type	USBFS_1_DEVICE0_CONFIGURATION0_TABLE, %object
 148              		.size	USBFS_1_DEVICE0_CONFIGURATION0_TABLE, 32
 149              	USBFS_1_DEVICE0_CONFIGURATION0_TABLE:
 150 0070 01       		.byte	1
 151 0071 000000   		.space	3
 152 0074 00000000 		.word	USBFS_1_DEVICE0_CONFIGURATION0_DESCR
 153 0078 01       		.byte	1
 154 0079 000000   		.space	3
 155 007c 00000000 		.word	USBFS_1_DEVICE0_CONFIGURATION0_EP_SETTINGS_TABLE
 156 0080 00       		.byte	0
 157 0081 000000   		.space	3
 158 0084 00000000 		.word	0
 159 0088 00       		.byte	0
 160 0089 000000   		.space	3
 161 008c 00000000 		.word	USBFS_1_DEVICE0_CONFIGURATION0_INTERFACE_CLASS
 162              		.global	USBFS_1_DEVICE0_TABLE
 163              		.align	2
 164              		.type	USBFS_1_DEVICE0_TABLE, %object
 165              		.size	USBFS_1_DEVICE0_TABLE, 24
 166              	USBFS_1_DEVICE0_TABLE:
 167 0090 01       		.byte	1
 168 0091 000000   		.space	3
 169 0094 00000000 		.word	USBFS_1_DEVICE0_DESCR
 170 0098 00       		.byte	0
 171 0099 000000   		.space	3
ARM GAS  C:\Users\gerwi\AppData\Local\Temp\ccQFlee5.s 			page 4


 172 009c 00000000 		.word	0
 173 00a0 01       		.byte	1
 174 00a1 000000   		.space	3
 175 00a4 00000000 		.word	USBFS_1_DEVICE0_CONFIGURATION0_TABLE
 176              		.global	USBFS_1_TABLE
 177              		.align	2
 178              		.type	USBFS_1_TABLE, %object
 179              		.size	USBFS_1_TABLE, 8
 180              	USBFS_1_TABLE:
 181 00a8 01       		.byte	1
 182 00a9 000000   		.space	3
 183 00ac 00000000 		.word	USBFS_1_DEVICE0_TABLE
 184              		.text
 185              	.Letext0:
 186              		.file 1 "Generated_Source\\PSoC5\\cytypes.h"
 187              		.file 2 "Generated_Source\\PSoC5\\USBFS_1.h"
 188              		.file 3 "Generated_Source\\PSoC5\\USBFS_1_descr.c"
 189              		.section	.debug_info,"",%progbits
 190              	.Ldebug_info0:
 191 0000 67020000 		.4byte	0x267
 192 0004 0400     		.2byte	0x4
 193 0006 00000000 		.4byte	.Ldebug_abbrev0
 194 000a 04       		.byte	0x4
 195 000b 01       		.uleb128 0x1
 196 000c 00000000 		.4byte	.LASF33
 197 0010 0C       		.byte	0xc
 198 0011 4E020000 		.4byte	.LASF34
 199 0015 8F010000 		.4byte	.LASF35
 200 0019 00000000 		.4byte	.Ldebug_line0
 201 001d 02       		.uleb128 0x2
 202 001e 01       		.byte	0x1
 203 001f 06       		.byte	0x6
 204 0020 F5020000 		.4byte	.LASF0
 205 0024 02       		.uleb128 0x2
 206 0025 01       		.byte	0x1
 207 0026 08       		.byte	0x8
 208 0027 EE000000 		.4byte	.LASF1
 209 002b 02       		.uleb128 0x2
 210 002c 02       		.byte	0x2
 211 002d 05       		.byte	0x5
 212 002e 85020000 		.4byte	.LASF2
 213 0032 02       		.uleb128 0x2
 214 0033 02       		.byte	0x2
 215 0034 07       		.byte	0x7
 216 0035 97000000 		.4byte	.LASF3
 217 0039 02       		.uleb128 0x2
 218 003a 04       		.byte	0x4
 219 003b 05       		.byte	0x5
 220 003c 8E000000 		.4byte	.LASF4
 221 0040 02       		.uleb128 0x2
 222 0041 04       		.byte	0x4
 223 0042 07       		.byte	0x7
 224 0043 07010000 		.4byte	.LASF5
 225 0047 02       		.uleb128 0x2
 226 0048 08       		.byte	0x8
 227 0049 05       		.byte	0x5
 228 004a 40020000 		.4byte	.LASF6
ARM GAS  C:\Users\gerwi\AppData\Local\Temp\ccQFlee5.s 			page 5


 229 004e 02       		.uleb128 0x2
 230 004f 08       		.byte	0x8
 231 0050 07       		.byte	0x7
 232 0051 19020000 		.4byte	.LASF7
 233 0055 03       		.uleb128 0x3
 234 0056 04       		.byte	0x4
 235 0057 05       		.byte	0x5
 236 0058 696E7400 		.ascii	"int\000"
 237 005c 02       		.uleb128 0x2
 238 005d 04       		.byte	0x4
 239 005e 07       		.byte	0x7
 240 005f E8010000 		.4byte	.LASF8
 241 0063 04       		.uleb128 0x4
 242 0064 8F020000 		.4byte	.LASF9
 243 0068 01       		.byte	0x1
 244 0069 E401     		.2byte	0x1e4
 245 006b 24000000 		.4byte	0x24
 246 006f 04       		.uleb128 0x4
 247 0070 57010000 		.4byte	.LASF10
 248 0074 01       		.byte	0x1
 249 0075 E501     		.2byte	0x1e5
 250 0077 32000000 		.4byte	0x32
 251 007b 02       		.uleb128 0x2
 252 007c 04       		.byte	0x4
 253 007d 04       		.byte	0x4
 254 007e CF000000 		.4byte	.LASF11
 255 0082 02       		.uleb128 0x2
 256 0083 08       		.byte	0x8
 257 0084 04       		.byte	0x4
 258 0085 50010000 		.4byte	.LASF12
 259 0089 02       		.uleb128 0x2
 260 008a 01       		.byte	0x1
 261 008b 08       		.byte	0x8
 262 008c 75020000 		.4byte	.LASF13
 263 0090 02       		.uleb128 0x2
 264 0091 08       		.byte	0x8
 265 0092 04       		.byte	0x4
 266 0093 E9020000 		.4byte	.LASF14
 267 0097 02       		.uleb128 0x2
 268 0098 04       		.byte	0x4
 269 0099 07       		.byte	0x7
 270 009a 37020000 		.4byte	.LASF15
 271 009e 05       		.uleb128 0x5
 272 009f 08       		.byte	0x8
 273 00a0 02       		.byte	0x2
 274 00a1 97       		.byte	0x97
 275 00a2 EF000000 		.4byte	0xef
 276 00a6 06       		.uleb128 0x6
 277 00a7 95020000 		.4byte	.LASF16
 278 00ab 02       		.byte	0x2
 279 00ac 99       		.byte	0x99
 280 00ad 63000000 		.4byte	0x63
 281 00b1 00       		.byte	0
 282 00b2 06       		.uleb128 0x6
 283 00b3 D5000000 		.4byte	.LASF17
 284 00b7 02       		.byte	0x2
 285 00b8 9A       		.byte	0x9a
ARM GAS  C:\Users\gerwi\AppData\Local\Temp\ccQFlee5.s 			page 6


 286 00b9 63000000 		.4byte	0x63
 287 00bd 01       		.byte	0x1
 288 00be 06       		.uleb128 0x6
 289 00bf 19010000 		.4byte	.LASF18
 290 00c3 02       		.byte	0x2
 291 00c4 9B       		.byte	0x9b
 292 00c5 63000000 		.4byte	0x63
 293 00c9 02       		.byte	0x2
 294 00ca 06       		.uleb128 0x6
 295 00cb FC000000 		.4byte	.LASF19
 296 00cf 02       		.byte	0x2
 297 00d0 9C       		.byte	0x9c
 298 00d1 63000000 		.4byte	0x63
 299 00d5 03       		.byte	0x3
 300 00d6 06       		.uleb128 0x6
 301 00d7 7A020000 		.4byte	.LASF20
 302 00db 02       		.byte	0x2
 303 00dc 9D       		.byte	0x9d
 304 00dd 6F000000 		.4byte	0x6f
 305 00e1 04       		.byte	0x4
 306 00e2 06       		.uleb128 0x6
 307 00e3 26030000 		.4byte	.LASF21
 308 00e7 02       		.byte	0x2
 309 00e8 9E       		.byte	0x9e
 310 00e9 63000000 		.4byte	0x63
 311 00ed 06       		.byte	0x6
 312 00ee 00       		.byte	0
 313 00ef 07       		.uleb128 0x7
 314 00f0 34010000 		.4byte	.LASF22
 315 00f4 02       		.byte	0x2
 316 00f5 9F       		.byte	0x9f
 317 00f6 9E000000 		.4byte	0x9e
 318 00fa 05       		.uleb128 0x5
 319 00fb 08       		.byte	0x8
 320 00fc 02       		.byte	0x2
 321 00fd AE       		.byte	0xae
 322 00fe 19010000 		.4byte	0x119
 323 0102 08       		.uleb128 0x8
 324 0103 6300     		.ascii	"c\000"
 325 0105 02       		.byte	0x2
 326 0106 B0       		.byte	0xb0
 327 0107 63000000 		.4byte	0x63
 328 010b 00       		.byte	0
 329 010c 06       		.uleb128 0x6
 330 010d 30020000 		.4byte	.LASF23
 331 0111 02       		.byte	0x2
 332 0112 B1       		.byte	0xb1
 333 0113 19010000 		.4byte	0x119
 334 0117 04       		.byte	0x4
 335 0118 00       		.byte	0
 336 0119 09       		.uleb128 0x9
 337 011a 04       		.byte	0x4
 338 011b 1F010000 		.4byte	0x11f
 339 011f 0A       		.uleb128 0xa
 340 0120 07       		.uleb128 0x7
 341 0121 F5010000 		.4byte	.LASF24
 342 0125 02       		.byte	0x2
ARM GAS  C:\Users\gerwi\AppData\Local\Temp\ccQFlee5.s 			page 7


 343 0126 B2       		.byte	0xb2
 344 0127 FA000000 		.4byte	0xfa
 345 012b 0B       		.uleb128 0xb
 346 012c 3B010000 		.4byte	0x13b
 347 0130 3B010000 		.4byte	0x13b
 348 0134 0C       		.uleb128 0xc
 349 0135 97000000 		.4byte	0x97
 350 0139 11       		.byte	0x11
 351 013a 00       		.byte	0
 352 013b 0D       		.uleb128 0xd
 353 013c 63000000 		.4byte	0x63
 354 0140 0E       		.uleb128 0xe
 355 0141 03020000 		.4byte	.LASF25
 356 0145 03       		.byte	0x3
 357 0146 24       		.byte	0x24
 358 0147 51010000 		.4byte	0x151
 359 014b 05       		.uleb128 0x5
 360 014c 03       		.byte	0x3
 361 014d 00000000 		.4byte	USBFS_1_DEVICE0_DESCR
 362 0151 0D       		.uleb128 0xd
 363 0152 2B010000 		.4byte	0x12b
 364 0156 0B       		.uleb128 0xb
 365 0157 3B010000 		.4byte	0x13b
 366 015b 66010000 		.4byte	0x166
 367 015f 0C       		.uleb128 0xc
 368 0160 97000000 		.4byte	0x97
 369 0164 18       		.byte	0x18
 370 0165 00       		.byte	0
 371 0166 0E       		.uleb128 0xe
 372 0167 AA000000 		.4byte	.LASF26
 373 016b 03       		.byte	0x3
 374 016c 37       		.byte	0x37
 375 016d 77010000 		.4byte	0x177
 376 0171 05       		.uleb128 0x5
 377 0172 03       		.byte	0x3
 378 0173 00000000 		.4byte	USBFS_1_DEVICE0_CONFIGURATION0_DESCR
 379 0177 0D       		.uleb128 0xd
 380 0178 56010000 		.4byte	0x156
 381 017c 0B       		.uleb128 0xb
 382 017d 8C010000 		.4byte	0x18c
 383 0181 8C010000 		.4byte	0x18c
 384 0185 0C       		.uleb128 0xc
 385 0186 97000000 		.4byte	0x97
 386 018a 00       		.byte	0
 387 018b 00       		.byte	0
 388 018c 0D       		.uleb128 0xd
 389 018d EF000000 		.4byte	0xef
 390 0191 0E       		.uleb128 0xe
 391 0192 5E010000 		.4byte	.LASF27
 392 0196 03       		.byte	0x3
 393 0197 83       		.byte	0x83
 394 0198 A2010000 		.4byte	0x1a2
 395 019c 05       		.uleb128 0x5
 396 019d 03       		.byte	0x3
 397 019e 00000000 		.4byte	USBFS_1_DEVICE0_CONFIGURATION0_EP_SETTINGS_TABLE
 398 01a2 0D       		.uleb128 0xd
 399 01a3 7C010000 		.4byte	0x17c
ARM GAS  C:\Users\gerwi\AppData\Local\Temp\ccQFlee5.s 			page 8


 400 01a7 0B       		.uleb128 0xb
 401 01a8 3B010000 		.4byte	0x13b
 402 01ac B7010000 		.4byte	0x1b7
 403 01b0 0C       		.uleb128 0xc
 404 01b1 97000000 		.4byte	0x97
 405 01b5 00       		.byte	0
 406 01b6 00       		.byte	0
 407 01b7 0E       		.uleb128 0xe
 408 01b8 BA020000 		.4byte	.LASF28
 409 01bc 03       		.byte	0x3
 410 01bd 87       		.byte	0x87
 411 01be C8010000 		.4byte	0x1c8
 412 01c2 05       		.uleb128 0x5
 413 01c3 03       		.byte	0x3
 414 01c4 00000000 		.4byte	USBFS_1_DEVICE0_CONFIGURATION0_INTERFACE_CLASS
 415 01c8 0D       		.uleb128 0xd
 416 01c9 A7010000 		.4byte	0x1a7
 417 01cd 0B       		.uleb128 0xb
 418 01ce DD010000 		.4byte	0x1dd
 419 01d2 DD010000 		.4byte	0x1dd
 420 01d6 0C       		.uleb128 0xc
 421 01d7 97000000 		.4byte	0x97
 422 01db 03       		.byte	0x3
 423 01dc 00       		.byte	0
 424 01dd 0D       		.uleb128 0xd
 425 01de 20010000 		.4byte	0x120
 426 01e2 0E       		.uleb128 0xe
 427 01e3 01030000 		.4byte	.LASF29
 428 01e7 03       		.byte	0x3
 429 01e8 8F       		.byte	0x8f
 430 01e9 F3010000 		.4byte	0x1f3
 431 01ed 05       		.uleb128 0x5
 432 01ee 03       		.byte	0x3
 433 01ef 00000000 		.4byte	USBFS_1_DEVICE0_CONFIGURATION0_TABLE
 434 01f3 0D       		.uleb128 0xd
 435 01f4 CD010000 		.4byte	0x1cd
 436 01f8 0B       		.uleb128 0xb
 437 01f9 DD010000 		.4byte	0x1dd
 438 01fd 08020000 		.4byte	0x208
 439 0201 0C       		.uleb128 0xc
 440 0202 97000000 		.4byte	0x97
 441 0206 02       		.byte	0x2
 442 0207 00       		.byte	0
 443 0208 0E       		.uleb128 0xe
 444 0209 1E010000 		.4byte	.LASF30
 445 020d 03       		.byte	0x3
 446 020e 99       		.byte	0x99
 447 020f 19020000 		.4byte	0x219
 448 0213 05       		.uleb128 0x5
 449 0214 03       		.byte	0x3
 450 0215 00000000 		.4byte	USBFS_1_DEVICE0_TABLE
 451 0219 0D       		.uleb128 0xd
 452 021a F8010000 		.4byte	0x1f8
 453 021e 0B       		.uleb128 0xb
 454 021f DD010000 		.4byte	0x1dd
 455 0223 2E020000 		.4byte	0x22e
 456 0227 0C       		.uleb128 0xc
ARM GAS  C:\Users\gerwi\AppData\Local\Temp\ccQFlee5.s 			page 9


 457 0228 97000000 		.4byte	0x97
 458 022c 00       		.byte	0
 459 022d 00       		.byte	0
 460 022e 0E       		.uleb128 0xe
 461 022f E0000000 		.4byte	.LASF31
 462 0233 03       		.byte	0x3
 463 0234 A1       		.byte	0xa1
 464 0235 3F020000 		.4byte	0x23f
 465 0239 05       		.uleb128 0x5
 466 023a 03       		.byte	0x3
 467 023b 00000000 		.4byte	USBFS_1_TABLE
 468 023f 0D       		.uleb128 0xd
 469 0240 1E020000 		.4byte	0x21e
 470 0244 0B       		.uleb128 0xb
 471 0245 3B010000 		.4byte	0x13b
 472 0249 54020000 		.4byte	0x254
 473 024d 0C       		.uleb128 0xc
 474 024e 97000000 		.4byte	0x97
 475 0252 30       		.byte	0x30
 476 0253 00       		.byte	0
 477 0254 0E       		.uleb128 0xe
 478 0255 9F020000 		.4byte	.LASF32
 479 0259 03       		.byte	0x3
 480 025a 5A       		.byte	0x5a
 481 025b 65020000 		.4byte	0x265
 482 025f 05       		.uleb128 0x5
 483 0260 03       		.byte	0x3
 484 0261 00000000 		.4byte	USBFS_1_STRING_DESCRIPTORS
 485 0265 0D       		.uleb128 0xd
 486 0266 44020000 		.4byte	0x244
 487 026a 00       		.byte	0
 488              		.section	.debug_abbrev,"",%progbits
 489              	.Ldebug_abbrev0:
 490 0000 01       		.uleb128 0x1
 491 0001 11       		.uleb128 0x11
 492 0002 01       		.byte	0x1
 493 0003 25       		.uleb128 0x25
 494 0004 0E       		.uleb128 0xe
 495 0005 13       		.uleb128 0x13
 496 0006 0B       		.uleb128 0xb
 497 0007 03       		.uleb128 0x3
 498 0008 0E       		.uleb128 0xe
 499 0009 1B       		.uleb128 0x1b
 500 000a 0E       		.uleb128 0xe
 501 000b 10       		.uleb128 0x10
 502 000c 17       		.uleb128 0x17
 503 000d 00       		.byte	0
 504 000e 00       		.byte	0
 505 000f 02       		.uleb128 0x2
 506 0010 24       		.uleb128 0x24
 507 0011 00       		.byte	0
 508 0012 0B       		.uleb128 0xb
 509 0013 0B       		.uleb128 0xb
 510 0014 3E       		.uleb128 0x3e
 511 0015 0B       		.uleb128 0xb
 512 0016 03       		.uleb128 0x3
 513 0017 0E       		.uleb128 0xe
ARM GAS  C:\Users\gerwi\AppData\Local\Temp\ccQFlee5.s 			page 10


 514 0018 00       		.byte	0
 515 0019 00       		.byte	0
 516 001a 03       		.uleb128 0x3
 517 001b 24       		.uleb128 0x24
 518 001c 00       		.byte	0
 519 001d 0B       		.uleb128 0xb
 520 001e 0B       		.uleb128 0xb
 521 001f 3E       		.uleb128 0x3e
 522 0020 0B       		.uleb128 0xb
 523 0021 03       		.uleb128 0x3
 524 0022 08       		.uleb128 0x8
 525 0023 00       		.byte	0
 526 0024 00       		.byte	0
 527 0025 04       		.uleb128 0x4
 528 0026 16       		.uleb128 0x16
 529 0027 00       		.byte	0
 530 0028 03       		.uleb128 0x3
 531 0029 0E       		.uleb128 0xe
 532 002a 3A       		.uleb128 0x3a
 533 002b 0B       		.uleb128 0xb
 534 002c 3B       		.uleb128 0x3b
 535 002d 05       		.uleb128 0x5
 536 002e 49       		.uleb128 0x49
 537 002f 13       		.uleb128 0x13
 538 0030 00       		.byte	0
 539 0031 00       		.byte	0
 540 0032 05       		.uleb128 0x5
 541 0033 13       		.uleb128 0x13
 542 0034 01       		.byte	0x1
 543 0035 0B       		.uleb128 0xb
 544 0036 0B       		.uleb128 0xb
 545 0037 3A       		.uleb128 0x3a
 546 0038 0B       		.uleb128 0xb
 547 0039 3B       		.uleb128 0x3b
 548 003a 0B       		.uleb128 0xb
 549 003b 01       		.uleb128 0x1
 550 003c 13       		.uleb128 0x13
 551 003d 00       		.byte	0
 552 003e 00       		.byte	0
 553 003f 06       		.uleb128 0x6
 554 0040 0D       		.uleb128 0xd
 555 0041 00       		.byte	0
 556 0042 03       		.uleb128 0x3
 557 0043 0E       		.uleb128 0xe
 558 0044 3A       		.uleb128 0x3a
 559 0045 0B       		.uleb128 0xb
 560 0046 3B       		.uleb128 0x3b
 561 0047 0B       		.uleb128 0xb
 562 0048 49       		.uleb128 0x49
 563 0049 13       		.uleb128 0x13
 564 004a 38       		.uleb128 0x38
 565 004b 0B       		.uleb128 0xb
 566 004c 00       		.byte	0
 567 004d 00       		.byte	0
 568 004e 07       		.uleb128 0x7
 569 004f 16       		.uleb128 0x16
 570 0050 00       		.byte	0
ARM GAS  C:\Users\gerwi\AppData\Local\Temp\ccQFlee5.s 			page 11


 571 0051 03       		.uleb128 0x3
 572 0052 0E       		.uleb128 0xe
 573 0053 3A       		.uleb128 0x3a
 574 0054 0B       		.uleb128 0xb
 575 0055 3B       		.uleb128 0x3b
 576 0056 0B       		.uleb128 0xb
 577 0057 49       		.uleb128 0x49
 578 0058 13       		.uleb128 0x13
 579 0059 00       		.byte	0
 580 005a 00       		.byte	0
 581 005b 08       		.uleb128 0x8
 582 005c 0D       		.uleb128 0xd
 583 005d 00       		.byte	0
 584 005e 03       		.uleb128 0x3
 585 005f 08       		.uleb128 0x8
 586 0060 3A       		.uleb128 0x3a
 587 0061 0B       		.uleb128 0xb
 588 0062 3B       		.uleb128 0x3b
 589 0063 0B       		.uleb128 0xb
 590 0064 49       		.uleb128 0x49
 591 0065 13       		.uleb128 0x13
 592 0066 38       		.uleb128 0x38
 593 0067 0B       		.uleb128 0xb
 594 0068 00       		.byte	0
 595 0069 00       		.byte	0
 596 006a 09       		.uleb128 0x9
 597 006b 0F       		.uleb128 0xf
 598 006c 00       		.byte	0
 599 006d 0B       		.uleb128 0xb
 600 006e 0B       		.uleb128 0xb
 601 006f 49       		.uleb128 0x49
 602 0070 13       		.uleb128 0x13
 603 0071 00       		.byte	0
 604 0072 00       		.byte	0
 605 0073 0A       		.uleb128 0xa
 606 0074 26       		.uleb128 0x26
 607 0075 00       		.byte	0
 608 0076 00       		.byte	0
 609 0077 00       		.byte	0
 610 0078 0B       		.uleb128 0xb
 611 0079 01       		.uleb128 0x1
 612 007a 01       		.byte	0x1
 613 007b 49       		.uleb128 0x49
 614 007c 13       		.uleb128 0x13
 615 007d 01       		.uleb128 0x1
 616 007e 13       		.uleb128 0x13
 617 007f 00       		.byte	0
 618 0080 00       		.byte	0
 619 0081 0C       		.uleb128 0xc
 620 0082 21       		.uleb128 0x21
 621 0083 00       		.byte	0
 622 0084 49       		.uleb128 0x49
 623 0085 13       		.uleb128 0x13
 624 0086 2F       		.uleb128 0x2f
 625 0087 0B       		.uleb128 0xb
 626 0088 00       		.byte	0
 627 0089 00       		.byte	0
ARM GAS  C:\Users\gerwi\AppData\Local\Temp\ccQFlee5.s 			page 12


 628 008a 0D       		.uleb128 0xd
 629 008b 26       		.uleb128 0x26
 630 008c 00       		.byte	0
 631 008d 49       		.uleb128 0x49
 632 008e 13       		.uleb128 0x13
 633 008f 00       		.byte	0
 634 0090 00       		.byte	0
 635 0091 0E       		.uleb128 0xe
 636 0092 34       		.uleb128 0x34
 637 0093 00       		.byte	0
 638 0094 03       		.uleb128 0x3
 639 0095 0E       		.uleb128 0xe
 640 0096 3A       		.uleb128 0x3a
 641 0097 0B       		.uleb128 0xb
 642 0098 3B       		.uleb128 0x3b
 643 0099 0B       		.uleb128 0xb
 644 009a 49       		.uleb128 0x49
 645 009b 13       		.uleb128 0x13
 646 009c 3F       		.uleb128 0x3f
 647 009d 19       		.uleb128 0x19
 648 009e 02       		.uleb128 0x2
 649 009f 18       		.uleb128 0x18
 650 00a0 00       		.byte	0
 651 00a1 00       		.byte	0
 652 00a2 00       		.byte	0
 653              		.section	.debug_aranges,"",%progbits
 654 0000 14000000 		.4byte	0x14
 655 0004 0200     		.2byte	0x2
 656 0006 00000000 		.4byte	.Ldebug_info0
 657 000a 04       		.byte	0x4
 658 000b 00       		.byte	0
 659 000c 0000     		.2byte	0
 660 000e 0000     		.2byte	0
 661 0010 00000000 		.4byte	0
 662 0014 00000000 		.4byte	0
 663              		.section	.debug_line,"",%progbits
 664              	.Ldebug_line0:
 665 0000 5D000000 		.section	.debug_str,"MS",%progbits,1
 665      02005700 
 665      00000201 
 665      FB0E0D00 
 665      01010101 
 666              	.LASF33:
 667 0000 474E5520 		.ascii	"GNU C11 5.4.1 20160609 (release) [ARM/embedded-5-br"
 667      43313120 
 667      352E342E 
 667      31203230 
 667      31363036 
 668 0033 616E6368 		.ascii	"anch revision 237715] -mcpu=cortex-m3 -mthumb -g -O"
 668      20726576 
 668      6973696F 
 668      6E203233 
 668      37373135 
 669 0066 30202D66 		.ascii	"0 -ffunction-sections -ffat-lto-objects\000"
 669      66756E63 
 669      74696F6E 
 669      2D736563 
ARM GAS  C:\Users\gerwi\AppData\Local\Temp\ccQFlee5.s 			page 13


 669      74696F6E 
 670              	.LASF4:
 671 008e 6C6F6E67 		.ascii	"long int\000"
 671      20696E74 
 671      00
 672              	.LASF3:
 673 0097 73686F72 		.ascii	"short unsigned int\000"
 673      7420756E 
 673      7369676E 
 673      65642069 
 673      6E7400
 674              	.LASF26:
 675 00aa 55534246 		.ascii	"USBFS_1_DEVICE0_CONFIGURATION0_DESCR\000"
 675      535F315F 
 675      44455649 
 675      4345305F 
 675      434F4E46 
 676              	.LASF11:
 677 00cf 666C6F61 		.ascii	"float\000"
 677      7400
 678              	.LASF17:
 679 00d5 616C7453 		.ascii	"altSetting\000"
 679      65747469 
 679      6E6700
 680              	.LASF31:
 681 00e0 55534246 		.ascii	"USBFS_1_TABLE\000"
 681      535F315F 
 681      5441424C 
 681      4500
 682              	.LASF1:
 683 00ee 756E7369 		.ascii	"unsigned char\000"
 683      676E6564 
 683      20636861 
 683      7200
 684              	.LASF19:
 685 00fc 61747472 		.ascii	"attributes\000"
 685      69627574 
 685      657300
 686              	.LASF5:
 687 0107 6C6F6E67 		.ascii	"long unsigned int\000"
 687      20756E73 
 687      69676E65 
 687      6420696E 
 687      7400
 688              	.LASF18:
 689 0119 61646472 		.ascii	"addr\000"
 689      00
 690              	.LASF30:
 691 011e 55534246 		.ascii	"USBFS_1_DEVICE0_TABLE\000"
 691      535F315F 
 691      44455649 
 691      4345305F 
 691      5441424C 
 692              	.LASF22:
 693 0134 545F5553 		.ascii	"T_USBFS_1_EP_SETTINGS_BLOCK\000"
 693      4246535F 
 693      315F4550 
ARM GAS  C:\Users\gerwi\AppData\Local\Temp\ccQFlee5.s 			page 14


 693      5F534554 
 693      54494E47 
 694              	.LASF12:
 695 0150 646F7562 		.ascii	"double\000"
 695      6C6500
 696              	.LASF10:
 697 0157 75696E74 		.ascii	"uint16\000"
 697      313600
 698              	.LASF27:
 699 015e 55534246 		.ascii	"USBFS_1_DEVICE0_CONFIGURATION0_EP_SETTINGS_TABLE\000"
 699      535F315F 
 699      44455649 
 699      4345305F 
 699      434F4E46 
 700              	.LASF35:
 701 018f 433A5C55 		.ascii	"C:\\Users\\gerwi\\OneDrive\\Documenten\\PSoC Creato"
 701      73657273 
 701      5C676572 
 701      77695C4F 
 701      6E654472 
 702 01bd 725C4144 		.ascii	"r\\ADC_SAR_Seq_Example01\\ADC_DMA_UART.cydsn\000"
 702      435F5341 
 702      525F5365 
 702      715F4578 
 702      616D706C 
 703              	.LASF8:
 704 01e8 756E7369 		.ascii	"unsigned int\000"
 704      676E6564 
 704      20696E74 
 704      00
 705              	.LASF24:
 706 01f5 545F5553 		.ascii	"T_USBFS_1_LUT\000"
 706      4246535F 
 706      315F4C55 
 706      5400
 707              	.LASF25:
 708 0203 55534246 		.ascii	"USBFS_1_DEVICE0_DESCR\000"
 708      535F315F 
 708      44455649 
 708      4345305F 
 708      44455343 
 709              	.LASF7:
 710 0219 6C6F6E67 		.ascii	"long long unsigned int\000"
 710      206C6F6E 
 710      6720756E 
 710      7369676E 
 710      65642069 
 711              	.LASF23:
 712 0230 705F6C69 		.ascii	"p_list\000"
 712      737400
 713              	.LASF15:
 714 0237 73697A65 		.ascii	"sizetype\000"
 714      74797065 
 714      00
 715              	.LASF6:
 716 0240 6C6F6E67 		.ascii	"long long int\000"
 716      206C6F6E 
ARM GAS  C:\Users\gerwi\AppData\Local\Temp\ccQFlee5.s 			page 15


 716      6720696E 
 716      7400
 717              	.LASF34:
 718 024e 47656E65 		.ascii	"Generated_Source\\PSoC5\\USBFS_1_descr.c\000"
 718      72617465 
 718      645F536F 
 718      75726365 
 718      5C50536F 
 719              	.LASF13:
 720 0275 63686172 		.ascii	"char\000"
 720      00
 721              	.LASF20:
 722 027a 62756666 		.ascii	"bufferSize\000"
 722      65725369 
 722      7A6500
 723              	.LASF2:
 724 0285 73686F72 		.ascii	"short int\000"
 724      7420696E 
 724      7400
 725              	.LASF9:
 726 028f 75696E74 		.ascii	"uint8\000"
 726      3800
 727              	.LASF16:
 728 0295 696E7465 		.ascii	"interface\000"
 728      72666163 
 728      6500
 729              	.LASF32:
 730 029f 55534246 		.ascii	"USBFS_1_STRING_DESCRIPTORS\000"
 730      535F315F 
 730      53545249 
 730      4E475F44 
 730      45534352 
 731              	.LASF28:
 732 02ba 55534246 		.ascii	"USBFS_1_DEVICE0_CONFIGURATION0_INTERFACE_CLASS\000"
 732      535F315F 
 732      44455649 
 732      4345305F 
 732      434F4E46 
 733              	.LASF14:
 734 02e9 6C6F6E67 		.ascii	"long double\000"
 734      20646F75 
 734      626C6500 
 735              	.LASF0:
 736 02f5 7369676E 		.ascii	"signed char\000"
 736      65642063 
 736      68617200 
 737              	.LASF29:
 738 0301 55534246 		.ascii	"USBFS_1_DEVICE0_CONFIGURATION0_TABLE\000"
 738      535F315F 
 738      44455649 
 738      4345305F 
 738      434F4E46 
 739              	.LASF21:
 740 0326 624D6973 		.ascii	"bMisc\000"
 740      6300
 741              		.ident	"GCC: (GNU Tools for ARM Embedded Processors) 5.4.1 20160609 (release) [ARM/embedded-5-bran
